{"E:\\Difa\\2025\\Belajar\\simple-quicks2\\src\\App.tsx": {"path":"E:\\Difa\\2025\\Belajar\\simple-quicks2\\src\\App.tsx","statementMap":{"0":{"start":{"line":10,"column":2},"end":{"line":26,"column":4}}},"fnMap":{"0":{"name":"App","decl":{"start":{"line":9,"column":9},"end":{"line":9,"column":12}},"loc":{"start":{"line":9,"column":15},"end":{"line":27,"column":1}},"line":9}},"branchMap":{},"s":{"0":0},"f":{"0":0},"b":{}}
,"E:\\Difa\\2025\\Belajar\\simple-quicks2\\src\\api\\chat.api.ts": {"path":"E:\\Difa\\2025\\Belajar\\simple-quicks2\\src\\api\\chat.api.ts","statementMap":{"0":{"start":{"line":3,"column":17},"end":{"line":3,"column":55}},"1":{"start":{"line":6,"column":26},"end":{"line":10,"column":1}},"2":{"start":{"line":7,"column":17},"end":{"line":7,"column":27}},"3":{"start":{"line":8,"column":4},"end":{"line":8,"column":47}},"4":{"start":{"line":9,"column":4},"end":{"line":9,"column":30}},"5":{"start":{"line":12,"column":23},"end":{"line":157,"column":1}},"6":{"start":{"line":14,"column":20},"end":{"line":14,"column":52}},"7":{"start":{"line":15,"column":21},"end":{"line":15,"column":37}},"8":{"start":{"line":16,"column":8},"end":{"line":19,"column":12}},"9":{"start":{"line":16,"column":37},"end":{"line":19,"column":9}},"10":{"start":{"line":24,"column":37},"end":{"line":27,"column":10}},"11":{"start":{"line":29,"column":22},"end":{"line":29,"column":43}},"12":{"start":{"line":30,"column":22},"end":{"line":30,"column":43}},"13":{"start":{"line":33,"column":33},"end":{"line":46,"column":9}},"14":{"start":{"line":34,"column":24},"end":{"line":34,"column":76}},"15":{"start":{"line":35,"column":29},"end":{"line":35,"column":45}},"16":{"start":{"line":36,"column":12},"end":{"line":36,"column":51}},"17":{"start":{"line":36,"column":39},"end":{"line":36,"column":51}},"18":{"start":{"line":38,"column":32},"end":{"line":38,"column":61}},"19":{"start":{"line":39,"column":12},"end":{"line":45,"column":14}},"20":{"start":{"line":48,"column":34},"end":{"line":71,"column":11}},"21":{"start":{"line":49,"column":29},"end":{"line":49,"column":38}},"22":{"start":{"line":51,"column":30},"end":{"line":51,"column":58}},"23":{"start":{"line":53,"column":28},"end":{"line":53,"column":79}},"24":{"start":{"line":54,"column":12},"end":{"line":70,"column":30}},"25":{"start":{"line":73,"column":31},"end":{"line":90,"column":11}},"26":{"start":{"line":74,"column":30},"end":{"line":74,"column":39}},"27":{"start":{"line":75,"column":28},"end":{"line":75,"column":92}},"28":{"start":{"line":76,"column":12},"end":{"line":89,"column":30}},"29":{"start":{"line":80,"column":65},"end":{"line":80,"column":91}},"30":{"start":{"line":92,"column":8},"end":{"line":94,"column":10}},"31":{"start":{"line":93,"column":12},"end":{"line":93,"column":101}},"32":{"start":{"line":102,"column":21},"end":{"line":102,"column":35}},"33":{"start":{"line":103,"column":8},"end":{"line":103,"column":64}},"34":{"start":{"line":103,"column":34},"end":{"line":103,"column":64}},"35":{"start":{"line":106,"column":20},"end":{"line":106,"column":72}},"36":{"start":{"line":107,"column":8},"end":{"line":107,"column":31}},"37":{"start":{"line":107,"column":21},"end":{"line":107,"column":31}},"38":{"start":{"line":109,"column":25},"end":{"line":109,"column":41}},"39":{"start":{"line":111,"column":8},"end":{"line":132,"column":11}},"40":{"start":{"line":112,"column":41},"end":{"line":112,"column":85}},"41":{"start":{"line":113,"column":34},"end":{"line":113,"column":63}},"42":{"start":{"line":116,"column":25},"end":{"line":118,"column":33}},"43":{"start":{"line":120,"column":12},"end":{"line":131,"column":14}},"44":{"start":{"line":137,"column":20},"end":{"line":145,"column":10}},"45":{"start":{"line":147,"column":21},"end":{"line":147,"column":37}},"46":{"start":{"line":149,"column":8},"end":{"line":155,"column":10}}},"fnMap":{"0":{"name":"(anonymous_0)","decl":{"start":{"line":6,"column":26},"end":{"line":6,"column":27}},"loc":{"start":{"line":6,"column":45},"end":{"line":10,"column":1}},"line":6},"1":{"name":"(anonymous_1)","decl":{"start":{"line":13,"column":14},"end":{"line":13,"column":15}},"loc":{"start":{"line":13,"column":43},"end":{"line":20,"column":5}},"line":13},"2":{"name":"(anonymous_2)","decl":{"start":{"line":16,"column":24},"end":{"line":16,"column":25}},"loc":{"start":{"line":16,"column":37},"end":{"line":19,"column":9}},"line":16},"3":{"name":"(anonymous_3)","decl":{"start":{"line":22,"column":22},"end":{"line":22,"column":23}},"loc":{"start":{"line":22,"column":59},"end":{"line":95,"column":5}},"line":22},"4":{"name":"(anonymous_4)","decl":{"start":{"line":33,"column":33},"end":{"line":33,"column":34}},"loc":{"start":{"line":33,"column":123},"end":{"line":46,"column":9}},"line":33},"5":{"name":"(anonymous_5)","decl":{"start":{"line":48,"column":62},"end":{"line":48,"column":63}},"loc":{"start":{"line":48,"column":95},"end":{"line":71,"column":9}},"line":48},"6":{"name":"(anonymous_6)","decl":{"start":{"line":73,"column":59},"end":{"line":73,"column":60}},"loc":{"start":{"line":73,"column":92},"end":{"line":90,"column":9}},"line":73},"7":{"name":"(anonymous_7)","decl":{"start":{"line":80,"column":52},"end":{"line":80,"column":53}},"loc":{"start":{"line":80,"column":65},"end":{"line":80,"column":91}},"line":80},"8":{"name":"(anonymous_8)","decl":{"start":{"line":92,"column":62},"end":{"line":92,"column":63}},"loc":{"start":{"line":93,"column":12},"end":{"line":93,"column":101}},"line":93},"9":{"name":"(anonymous_9)","decl":{"start":{"line":97,"column":17},"end":{"line":97,"column":18}},"loc":{"start":{"line":97,"column":71},"end":{"line":133,"column":5}},"line":97},"10":{"name":"(anonymous_10)","decl":{"start":{"line":111,"column":28},"end":{"line":111,"column":29}},"loc":{"start":{"line":111,"column":55},"end":{"line":132,"column":9}},"line":111},"11":{"name":"(anonymous_11)","decl":{"start":{"line":135,"column":17},"end":{"line":135,"column":18}},"loc":{"start":{"line":135,"column":83},"end":{"line":156,"column":5}},"line":135}},"branchMap":{"0":{"loc":{"start":{"line":36,"column":12},"end":{"line":36,"column":51}},"type":"if","locations":[{"start":{"line":36,"column":12},"end":{"line":36,"column":51}},{"start":{},"end":{}}],"line":36},"1":{"loc":{"start":{"line":51,"column":30},"end":{"line":51,"column":58}},"type":"cond-expr","locations":[{"start":{"line":51,"column":41},"end":{"line":51,"column":46}},{"start":{"line":51,"column":49},"end":{"line":51,"column":58}}],"line":51},"2":{"loc":{"start":{"line":63,"column":29},"end":{"line":69,"column":17}},"type":"binary-expr","locations":[{"start":{"line":63,"column":29},"end":{"line":63,"column":36}},{"start":{"line":63,"column":40},"end":{"line":69,"column":17}}],"line":63},"3":{"loc":{"start":{"line":79,"column":47},"end":{"line":79,"column":79}},"type":"cond-expr","locations":[{"start":{"line":79,"column":69},"end":{"line":79,"column":74}},{"start":{"line":79,"column":77},"end":{"line":79,"column":79}}],"line":79},"4":{"loc":{"start":{"line":82,"column":29},"end":{"line":88,"column":17}},"type":"binary-expr","locations":[{"start":{"line":82,"column":29},"end":{"line":82,"column":36}},{"start":{"line":82,"column":40},"end":{"line":88,"column":17}}],"line":82},"5":{"loc":{"start":{"line":103,"column":8},"end":{"line":103,"column":64}},"type":"if","locations":[{"start":{"line":103,"column":8},"end":{"line":103,"column":64}},{"start":{},"end":{}}],"line":103},"6":{"loc":{"start":{"line":107,"column":8},"end":{"line":107,"column":31}},"type":"if","locations":[{"start":{"line":107,"column":8},"end":{"line":107,"column":31}},{"start":{},"end":{}}],"line":107},"7":{"loc":{"start":{"line":112,"column":41},"end":{"line":112,"column":85}},"type":"binary-expr","locations":[{"start":{"line":112,"column":41},"end":{"line":112,"column":61}},{"start":{"line":112,"column":65},"end":{"line":112,"column":85}}],"line":112},"8":{"loc":{"start":{"line":116,"column":25},"end":{"line":118,"column":33}},"type":"cond-expr","locations":[{"start":{"line":117,"column":18},"end":{"line":117,"column":23}},{"start":{"line":118,"column":18},"end":{"line":118,"column":33}}],"line":116},"9":{"loc":{"start":{"line":116,"column":25},"end":{"line":116,"column":62}},"type":"binary-expr","locations":[{"start":{"line":116,"column":25},"end":{"line":116,"column":45}},{"start":{"line":116,"column":49},"end":{"line":116,"column":62}}],"line":116},"10":{"loc":{"start":{"line":123,"column":26},"end":{"line":123,"column":54}},"type":"cond-expr","locations":[{"start":{"line":123,"column":33},"end":{"line":123,"column":37}},{"start":{"line":123,"column":40},"end":{"line":123,"column":54}}],"line":123},"11":{"loc":{"start":{"line":126,"column":25},"end":{"line":130,"column":29}},"type":"cond-expr","locations":[{"start":{"line":126,"column":60},"end":{"line":130,"column":17}},{"start":{"line":130,"column":20},"end":{"line":130,"column":29}}],"line":126},"12":{"loc":{"start":{"line":126,"column":25},"end":{"line":126,"column":57}},"type":"binary-expr","locations":[{"start":{"line":126,"column":25},"end":{"line":126,"column":34}},{"start":{"line":126,"column":38},"end":{"line":126,"column":57}}],"line":126},"13":{"loc":{"start":{"line":128,"column":26},"end":{"line":128,"column":76}},"type":"binary-expr","locations":[{"start":{"line":128,"column":26},"end":{"line":128,"column":51}},{"start":{"line":128,"column":55},"end":{"line":128,"column":76}}],"line":128},"14":{"loc":{"start":{"line":129,"column":32},"end":{"line":129,"column":84}},"type":"cond-expr","locations":[{"start":{"line":129,"column":50},"end":{"line":129,"column":55}},{"start":{"line":129,"column":58},"end":{"line":129,"column":84}}],"line":129}},"s":{"0":0,"1":0,"2":0,"3":0,"4":0,"5":0,"6":0,"7":0,"8":0,"9":0,"10":0,"11":0,"12":0,"13":0,"14":0,"15":0,"16":0,"17":0,"18":0,"19":0,"20":0,"21":0,"22":0,"23":0,"24":0,"25":0,"26":0,"27":0,"28":0,"29":0,"30":0,"31":0,"32":0,"33":0,"34":0,"35":0,"36":0,"37":0,"38":0,"39":0,"40":0,"41":0,"42":0,"43":0,"44":0,"45":0,"46":0},"f":{"0":0,"1":0,"2":0,"3":0,"4":0,"5":0,"6":0,"7":0,"8":0,"9":0,"10":0,"11":0},"b":{"0":[0,0],"1":[0,0],"2":[0,0],"3":[0,0],"4":[0,0],"5":[0,0],"6":[0,0],"7":[0,0],"8":[0,0],"9":[0,0],"10":[0,0],"11":[0,0],"12":[0,0],"13":[0,0],"14":[0,0]}}
,"E:\\Difa\\2025\\Belajar\\simple-quicks2\\src\\api\\task.api.ts": {"path":"E:\\Difa\\2025\\Belajar\\simple-quicks2\\src\\api\\task.api.ts","statementMap":{"0":{"start":{"line":3,"column":17},"end":{"line":3,"column":61}},"1":{"start":{"line":6,"column":27},"end":{"line":13,"column":1}},"2":{"start":{"line":7,"column":18},"end":{"line":7,"column":28}},"3":{"start":{"line":8,"column":22},"end":{"line":8,"column":56}},"4":{"start":{"line":9,"column":23},"end":{"line":9,"column":38}},"5":{"start":{"line":10,"column":4},"end":{"line":10,"column":52}},"6":{"start":{"line":12,"column":4},"end":{"line":12,"column":50}},"7":{"start":{"line":15,"column":19},"end":{"line":15,"column":75}},"8":{"start":{"line":17,"column":23},"end":{"line":72,"column":1}},"9":{"start":{"line":20,"column":20},"end":{"line":20,"column":56}},"10":{"start":{"line":21,"column":8},"end":{"line":21,"column":62}},"11":{"start":{"line":21,"column":21},"end":{"line":21,"column":62}},"12":{"start":{"line":22,"column":22},"end":{"line":22,"column":38}},"13":{"start":{"line":23,"column":8},"end":{"line":23,"column":25}},"14":{"start":{"line":24,"column":8},"end":{"line":34,"column":12}},"15":{"start":{"line":24,"column":41},"end":{"line":34,"column":9}},"16":{"start":{"line":39,"column":8},"end":{"line":43,"column":11}},"17":{"start":{"line":47,"column":20},"end":{"line":55,"column":10}},"18":{"start":{"line":56,"column":21},"end":{"line":56,"column":37}},"19":{"start":{"line":59,"column":8},"end":{"line":62,"column":10}},"20":{"start":{"line":66,"column":8},"end":{"line":70,"column":11}}},"fnMap":{"0":{"name":"(anonymous_0)","decl":{"start":{"line":6,"column":27},"end":{"line":6,"column":28}},"loc":{"start":{"line":6,"column":41},"end":{"line":13,"column":1}},"line":6},"1":{"name":"(anonymous_1)","decl":{"start":{"line":18,"column":12},"end":{"line":18,"column":13}},"loc":{"start":{"line":18,"column":41},"end":{"line":35,"column":5}},"line":18},"2":{"name":"(anonymous_2)","decl":{"start":{"line":24,"column":25},"end":{"line":24,"column":26}},"loc":{"start":{"line":24,"column":41},"end":{"line":34,"column":9}},"line":24},"3":{"name":"(anonymous_3)","decl":{"start":{"line":37,"column":18},"end":{"line":37,"column":19}},"loc":{"start":{"line":37,"column":75},"end":{"line":44,"column":5}},"line":37},"4":{"name":"(anonymous_4)","decl":{"start":{"line":46,"column":12},"end":{"line":46,"column":13}},"loc":{"start":{"line":46,"column":61},"end":{"line":63,"column":5}},"line":46},"5":{"name":"(anonymous_5)","decl":{"start":{"line":65,"column":12},"end":{"line":65,"column":13}},"loc":{"start":{"line":65,"column":70},"end":{"line":71,"column":5}},"line":65}},"branchMap":{"0":{"loc":{"start":{"line":21,"column":8},"end":{"line":21,"column":62}},"type":"if","locations":[{"start":{"line":21,"column":8},"end":{"line":21,"column":62}},{"start":{},"end":{}}],"line":21},"1":{"loc":{"start":{"line":29,"column":25},"end":{"line":31,"column":64}},"type":"cond-expr","locations":[{"start":{"line":30,"column":18},"end":{"line":30,"column":20}},{"start":{"line":31,"column":18},"end":{"line":31,"column":64}}],"line":29},"2":{"loc":{"start":{"line":33,"column":18},"end":{"line":33,"column":58}},"type":"cond-expr","locations":[{"start":{"line":33,"column":40},"end":{"line":33,"column":53}},{"start":{"line":33,"column":56},"end":{"line":33,"column":58}}],"line":33}},"s":{"0":0,"1":0,"2":0,"3":0,"4":0,"5":0,"6":0,"7":0,"8":0,"9":0,"10":0,"11":0,"12":0,"13":0,"14":0,"15":0,"16":0,"17":0,"18":0,"19":0,"20":0},"f":{"0":0,"1":0,"2":0,"3":0,"4":0,"5":0},"b":{"0":[0,0],"1":[0,0],"2":[0,0]}}
,"E:\\Difa\\2025\\Belajar\\simple-quicks2\\src\\application\\interfaces\\repositories\\chat.repository.interface.ts": {"path":"E:\\Difa\\2025\\Belajar\\simple-quicks2\\src\\application\\interfaces\\repositories\\chat.repository.interface.ts","statementMap":{},"fnMap":{},"branchMap":{},"s":{},"f":{},"b":{}}
,"E:\\Difa\\2025\\Belajar\\simple-quicks2\\src\\application\\interfaces\\repositories\\task.repository.interface.ts": {"path":"E:\\Difa\\2025\\Belajar\\simple-quicks2\\src\\application\\interfaces\\repositories\\task.repository.interface.ts","statementMap":{},"fnMap":{},"branchMap":{},"s":{},"f":{},"b":{}}
,"E:\\Difa\\2025\\Belajar\\simple-quicks2\\src\\application\\usecases\\chat\\get-messages.usecase.ts": {"path":"E:\\Difa\\2025\\Belajar\\simple-quicks2\\src\\application\\usecases\\chat\\get-messages.usecase.ts","statementMap":{"0":{"start":{"line":9,"column":4},"end":{"line":30,"column":5}},"1":{"start":{"line":10,"column":6},"end":{"line":12,"column":7}},"2":{"start":{"line":11,"column":8},"end":{"line":11,"column":71}},"3":{"start":{"line":14,"column":21},"end":{"line":14,"column":74}},"4":{"start":{"line":16,"column":6},"end":{"line":18,"column":7}},"5":{"start":{"line":17,"column":8},"end":{"line":17,"column":78}},"6":{"start":{"line":20,"column":23},"end":{"line":20,"column":41}},"7":{"start":{"line":23,"column":29},"end":{"line":25,"column":7}},"8":{"start":{"line":24,"column":8},"end":{"line":24,"column":73}},"9":{"start":{"line":27,"column":6},"end":{"line":27,"column":37}},"10":{"start":{"line":29,"column":6},"end":{"line":29,"column":85}}},"fnMap":{"0":{"name":"(anonymous_0)","decl":{"start":{"line":6,"column":2},"end":{"line":6,"column":3}},"loc":{"start":{"line":6,"column":55},"end":{"line":6,"column":57}},"line":6},"1":{"name":"(anonymous_1)","decl":{"start":{"line":8,"column":2},"end":{"line":8,"column":3}},"loc":{"start":{"line":8,"column":68},"end":{"line":31,"column":3}},"line":8},"2":{"name":"(anonymous_2)","decl":{"start":{"line":23,"column":43},"end":{"line":23,"column":44}},"loc":{"start":{"line":24,"column":8},"end":{"line":24,"column":73}},"line":24}},"branchMap":{"0":{"loc":{"start":{"line":10,"column":6},"end":{"line":12,"column":7}},"type":"if","locations":[{"start":{"line":10,"column":6},"end":{"line":12,"column":7}},{"start":{},"end":{}}],"line":10},"1":{"loc":{"start":{"line":10,"column":10},"end":{"line":10,"column":48}},"type":"binary-expr","locations":[{"start":{"line":10,"column":10},"end":{"line":10,"column":25}},{"start":{"line":10,"column":29},"end":{"line":10,"column":48}}],"line":10},"2":{"loc":{"start":{"line":16,"column":6},"end":{"line":18,"column":7}},"type":"if","locations":[{"start":{"line":16,"column":6},"end":{"line":18,"column":7}},{"start":{},"end":{}}],"line":16},"3":{"loc":{"start":{"line":17,"column":23},"end":{"line":17,"column":76}},"type":"binary-expr","locations":[{"start":{"line":17,"column":23},"end":{"line":17,"column":35}},{"start":{"line":17,"column":39},"end":{"line":17,"column":76}}],"line":17},"4":{"loc":{"start":{"line":20,"column":23},"end":{"line":20,"column":41}},"type":"binary-expr","locations":[{"start":{"line":20,"column":23},"end":{"line":20,"column":35}},{"start":{"line":20,"column":39},"end":{"line":20,"column":41}}],"line":20},"5":{"loc":{"start":{"line":29,"column":21},"end":{"line":29,"column":83}},"type":"cond-expr","locations":[{"start":{"line":29,"column":46},"end":{"line":29,"column":51}},{"start":{"line":29,"column":54},"end":{"line":29,"column":83}}],"line":29}},"s":{"0":0,"1":0,"2":0,"3":0,"4":0,"5":0,"6":0,"7":0,"8":0,"9":0,"10":0},"f":{"0":0,"1":0,"2":0},"b":{"0":[0,0],"1":[0,0],"2":[0,0],"3":[0,0],"4":[0,0],"5":[0,0]}}
,"E:\\Difa\\2025\\Belajar\\simple-quicks2\\src\\application\\usecases\\chat\\send-message.usecase.ts": {"path":"E:\\Difa\\2025\\Belajar\\simple-quicks2\\src\\application\\usecases\\chat\\send-message.usecase.ts","statementMap":{"0":{"start":{"line":9,"column":4},"end":{"line":35,"column":5}},"1":{"start":{"line":11,"column":6},"end":{"line":13,"column":7}},"2":{"start":{"line":12,"column":8},"end":{"line":12,"column":62}},"3":{"start":{"line":15,"column":6},"end":{"line":17,"column":7}},"4":{"start":{"line":16,"column":8},"end":{"line":16,"column":71}},"5":{"start":{"line":19,"column":46},"end":{"line":24,"column":7}},"6":{"start":{"line":26,"column":21},"end":{"line":26,"column":71}},"7":{"start":{"line":28,"column":6},"end":{"line":30,"column":7}},"8":{"start":{"line":29,"column":8},"end":{"line":29,"column":76}},"9":{"start":{"line":32,"column":6},"end":{"line":32,"column":36}},"10":{"start":{"line":34,"column":6},"end":{"line":34,"column":85}}},"fnMap":{"0":{"name":"(anonymous_0)","decl":{"start":{"line":6,"column":2},"end":{"line":6,"column":3}},"loc":{"start":{"line":6,"column":55},"end":{"line":6,"column":57}},"line":6},"1":{"name":"(anonymous_1)","decl":{"start":{"line":8,"column":2},"end":{"line":8,"column":3}},"loc":{"start":{"line":8,"column":71},"end":{"line":36,"column":3}},"line":8}},"branchMap":{"0":{"loc":{"start":{"line":11,"column":6},"end":{"line":13,"column":7}},"type":"if","locations":[{"start":{"line":11,"column":6},"end":{"line":13,"column":7}},{"start":{},"end":{}}],"line":11},"1":{"loc":{"start":{"line":11,"column":10},"end":{"line":11,"column":59}},"type":"binary-expr","locations":[{"start":{"line":11,"column":10},"end":{"line":11,"column":23}},{"start":{"line":11,"column":27},"end":{"line":11,"column":59}}],"line":11},"2":{"loc":{"start":{"line":15,"column":6},"end":{"line":17,"column":7}},"type":"if","locations":[{"start":{"line":15,"column":6},"end":{"line":17,"column":7}},{"start":{},"end":{}}],"line":15},"3":{"loc":{"start":{"line":15,"column":10},"end":{"line":15,"column":64}},"type":"binary-expr","locations":[{"start":{"line":15,"column":10},"end":{"line":15,"column":33}},{"start":{"line":15,"column":37},"end":{"line":15,"column":64}}],"line":15},"4":{"loc":{"start":{"line":28,"column":6},"end":{"line":30,"column":7}},"type":"if","locations":[{"start":{"line":28,"column":6},"end":{"line":30,"column":7}},{"start":{},"end":{}}],"line":28},"5":{"loc":{"start":{"line":29,"column":23},"end":{"line":29,"column":74}},"type":"binary-expr","locations":[{"start":{"line":29,"column":23},"end":{"line":29,"column":35}},{"start":{"line":29,"column":39},"end":{"line":29,"column":74}}],"line":29},"6":{"loc":{"start":{"line":34,"column":21},"end":{"line":34,"column":83}},"type":"cond-expr","locations":[{"start":{"line":34,"column":46},"end":{"line":34,"column":51}},{"start":{"line":34,"column":54},"end":{"line":34,"column":83}}],"line":34}},"s":{"0":0,"1":0,"2":0,"3":0,"4":0,"5":0,"6":0,"7":0,"8":0,"9":0,"10":0},"f":{"0":0,"1":0},"b":{"0":[0,0],"1":[0,0],"2":[0,0],"3":[0,0],"4":[0,0],"5":[0,0],"6":[0,0]}}
,"E:\\Difa\\2025\\Belajar\\simple-quicks2\\src\\application\\usecases\\task\\create-task.usecase.ts": {"path":"E:\\Difa\\2025\\Belajar\\simple-quicks2\\src\\application\\usecases\\task\\create-task.usecase.ts","statementMap":{"0":{"start":{"line":9,"column":4},"end":{"line":37,"column":5}},"1":{"start":{"line":11,"column":6},"end":{"line":13,"column":7}},"2":{"start":{"line":12,"column":8},"end":{"line":12,"column":60}},"3":{"start":{"line":15,"column":6},"end":{"line":17,"column":7}},"4":{"start":{"line":16,"column":8},"end":{"line":16,"column":79}},"5":{"start":{"line":20,"column":47},"end":{"line":26,"column":7}},"6":{"start":{"line":28,"column":21},"end":{"line":28,"column":68}},"7":{"start":{"line":30,"column":6},"end":{"line":32,"column":7}},"8":{"start":{"line":31,"column":8},"end":{"line":31,"column":75}},"9":{"start":{"line":34,"column":6},"end":{"line":34,"column":36}},"10":{"start":{"line":36,"column":6},"end":{"line":36,"column":85}}},"fnMap":{"0":{"name":"(anonymous_0)","decl":{"start":{"line":6,"column":2},"end":{"line":6,"column":3}},"loc":{"start":{"line":6,"column":55},"end":{"line":6,"column":57}},"line":6},"1":{"name":"(anonymous_1)","decl":{"start":{"line":8,"column":2},"end":{"line":8,"column":3}},"loc":{"start":{"line":8,"column":67},"end":{"line":38,"column":3}},"line":8}},"branchMap":{"0":{"loc":{"start":{"line":11,"column":6},"end":{"line":13,"column":7}},"type":"if","locations":[{"start":{"line":11,"column":6},"end":{"line":13,"column":7}},{"start":{},"end":{}}],"line":11},"1":{"loc":{"start":{"line":11,"column":10},"end":{"line":11,"column":61}},"type":"binary-expr","locations":[{"start":{"line":11,"column":10},"end":{"line":11,"column":24}},{"start":{"line":11,"column":28},"end":{"line":11,"column":61}}],"line":11},"2":{"loc":{"start":{"line":15,"column":6},"end":{"line":17,"column":7}},"type":"if","locations":[{"start":{"line":15,"column":6},"end":{"line":17,"column":7}},{"start":{},"end":{}}],"line":15},"3":{"loc":{"start":{"line":23,"column":18},"end":{"line":23,"column":47}},"type":"binary-expr","locations":[{"start":{"line":23,"column":18},"end":{"line":23,"column":34}},{"start":{"line":23,"column":38},"end":{"line":23,"column":47}}],"line":23},"4":{"loc":{"start":{"line":24,"column":18},"end":{"line":24,"column":46}},"type":"binary-expr","locations":[{"start":{"line":24,"column":18},"end":{"line":24,"column":34}},{"start":{"line":24,"column":38},"end":{"line":24,"column":46}}],"line":24},"5":{"loc":{"start":{"line":25,"column":14},"end":{"line":25,"column":32}},"type":"binary-expr","locations":[{"start":{"line":25,"column":14},"end":{"line":25,"column":26}},{"start":{"line":25,"column":30},"end":{"line":25,"column":32}}],"line":25},"6":{"loc":{"start":{"line":30,"column":6},"end":{"line":32,"column":7}},"type":"if","locations":[{"start":{"line":30,"column":6},"end":{"line":32,"column":7}},{"start":{},"end":{}}],"line":30},"7":{"loc":{"start":{"line":31,"column":23},"end":{"line":31,"column":73}},"type":"binary-expr","locations":[{"start":{"line":31,"column":23},"end":{"line":31,"column":35}},{"start":{"line":31,"column":39},"end":{"line":31,"column":73}}],"line":31},"8":{"loc":{"start":{"line":36,"column":21},"end":{"line":36,"column":83}},"type":"cond-expr","locations":[{"start":{"line":36,"column":46},"end":{"line":36,"column":51}},{"start":{"line":36,"column":54},"end":{"line":36,"column":83}}],"line":36}},"s":{"0":0,"1":0,"2":0,"3":0,"4":0,"5":0,"6":0,"7":0,"8":0,"9":0,"10":0},"f":{"0":0,"1":0},"b":{"0":[0,0],"1":[0,0],"2":[0,0],"3":[0,0],"4":[0,0],"5":[0,0],"6":[0,0],"7":[0,0],"8":[0,0]}}
,"E:\\Difa\\2025\\Belajar\\simple-quicks2\\src\\application\\usecases\\task\\get-tasks.usecase.ts": {"path":"E:\\Difa\\2025\\Belajar\\simple-quicks2\\src\\application\\usecases\\task\\get-tasks.usecase.ts","statementMap":{"0":{"start":{"line":9,"column":4},"end":{"line":26,"column":5}},"1":{"start":{"line":10,"column":21},"end":{"line":10,"column":62}},"2":{"start":{"line":12,"column":6},"end":{"line":14,"column":7}},"3":{"start":{"line":13,"column":8},"end":{"line":13,"column":75}},"4":{"start":{"line":16,"column":20},"end":{"line":16,"column":38}},"5":{"start":{"line":19,"column":26},"end":{"line":21,"column":7}},"6":{"start":{"line":20,"column":8},"end":{"line":20,"column":73}},"7":{"start":{"line":23,"column":6},"end":{"line":23,"column":34}},"8":{"start":{"line":25,"column":6},"end":{"line":25,"column":85}}},"fnMap":{"0":{"name":"(anonymous_0)","decl":{"start":{"line":6,"column":2},"end":{"line":6,"column":3}},"loc":{"start":{"line":6,"column":55},"end":{"line":6,"column":57}},"line":6},"1":{"name":"(anonymous_1)","decl":{"start":{"line":8,"column":2},"end":{"line":8,"column":3}},"loc":{"start":{"line":8,"column":64},"end":{"line":27,"column":3}},"line":8},"2":{"name":"(anonymous_2)","decl":{"start":{"line":19,"column":37},"end":{"line":19,"column":38}},"loc":{"start":{"line":20,"column":8},"end":{"line":20,"column":73}},"line":20}},"branchMap":{"0":{"loc":{"start":{"line":12,"column":6},"end":{"line":14,"column":7}},"type":"if","locations":[{"start":{"line":12,"column":6},"end":{"line":14,"column":7}},{"start":{},"end":{}}],"line":12},"1":{"loc":{"start":{"line":13,"column":23},"end":{"line":13,"column":73}},"type":"binary-expr","locations":[{"start":{"line":13,"column":23},"end":{"line":13,"column":35}},{"start":{"line":13,"column":39},"end":{"line":13,"column":73}}],"line":13},"2":{"loc":{"start":{"line":16,"column":20},"end":{"line":16,"column":38}},"type":"binary-expr","locations":[{"start":{"line":16,"column":20},"end":{"line":16,"column":32}},{"start":{"line":16,"column":36},"end":{"line":16,"column":38}}],"line":16},"3":{"loc":{"start":{"line":25,"column":21},"end":{"line":25,"column":83}},"type":"cond-expr","locations":[{"start":{"line":25,"column":46},"end":{"line":25,"column":51}},{"start":{"line":25,"column":54},"end":{"line":25,"column":83}}],"line":25}},"s":{"0":0,"1":0,"2":0,"3":0,"4":0,"5":0,"6":0,"7":0,"8":0},"f":{"0":0,"1":0,"2":0},"b":{"0":[0,0],"1":[0,0],"2":[0,0],"3":[0,0]}}
,"E:\\Difa\\2025\\Belajar\\simple-quicks2\\src\\application\\usecases\\task\\toggle-task.usecase.ts": {"path":"E:\\Difa\\2025\\Belajar\\simple-quicks2\\src\\application\\usecases\\task\\toggle-task.usecase.ts","statementMap":{"0":{"start":{"line":9,"column":4},"end":{"line":23,"column":5}},"1":{"start":{"line":10,"column":6},"end":{"line":12,"column":7}},"2":{"start":{"line":11,"column":8},"end":{"line":11,"column":63}},"3":{"start":{"line":14,"column":21},"end":{"line":14,"column":67}},"4":{"start":{"line":16,"column":6},"end":{"line":18,"column":7}},"5":{"start":{"line":17,"column":8},"end":{"line":17,"column":82}},"6":{"start":{"line":20,"column":6},"end":{"line":20,"column":36}},"7":{"start":{"line":22,"column":6},"end":{"line":22,"column":85}}},"fnMap":{"0":{"name":"(anonymous_0)","decl":{"start":{"line":6,"column":2},"end":{"line":6,"column":3}},"loc":{"start":{"line":6,"column":55},"end":{"line":6,"column":57}},"line":6},"1":{"name":"(anonymous_1)","decl":{"start":{"line":8,"column":2},"end":{"line":8,"column":3}},"loc":{"start":{"line":8,"column":55},"end":{"line":24,"column":3}},"line":8}},"branchMap":{"0":{"loc":{"start":{"line":10,"column":6},"end":{"line":12,"column":7}},"type":"if","locations":[{"start":{"line":10,"column":6},"end":{"line":12,"column":7}},{"start":{},"end":{}}],"line":10},"1":{"loc":{"start":{"line":10,"column":10},"end":{"line":10,"column":32}},"type":"binary-expr","locations":[{"start":{"line":10,"column":10},"end":{"line":10,"column":17}},{"start":{"line":10,"column":21},"end":{"line":10,"column":32}}],"line":10},"2":{"loc":{"start":{"line":16,"column":6},"end":{"line":18,"column":7}},"type":"if","locations":[{"start":{"line":16,"column":6},"end":{"line":18,"column":7}},{"start":{},"end":{}}],"line":16},"3":{"loc":{"start":{"line":17,"column":23},"end":{"line":17,"column":80}},"type":"binary-expr","locations":[{"start":{"line":17,"column":23},"end":{"line":17,"column":35}},{"start":{"line":17,"column":39},"end":{"line":17,"column":80}}],"line":17},"4":{"loc":{"start":{"line":22,"column":21},"end":{"line":22,"column":83}},"type":"cond-expr","locations":[{"start":{"line":22,"column":46},"end":{"line":22,"column":51}},{"start":{"line":22,"column":54},"end":{"line":22,"column":83}}],"line":22}},"s":{"0":0,"1":0,"2":0,"3":0,"4":0,"5":0,"6":0,"7":0},"f":{"0":0,"1":0},"b":{"0":[0,0],"1":[0,0],"2":[0,0],"3":[0,0],"4":[0,0]}}
,"E:\\Difa\\2025\\Belajar\\simple-quicks2\\src\\components\\chat\\ChatHeader.tsx": {"path":"E:\\Difa\\2025\\Belajar\\simple-quicks2\\src\\components\\chat\\ChatHeader.tsx","statementMap":{"0":{"start":{"line":11,"column":53},"end":{"line":38,"column":1}},"1":{"start":{"line":12,"column":4},"end":{"line":37,"column":6}}},"fnMap":{"0":{"name":"(anonymous_0)","decl":{"start":{"line":11,"column":53},"end":{"line":11,"column":54}},"loc":{"start":{"line":11,"column":83},"end":{"line":38,"column":1}},"line":11}},"branchMap":{"0":{"loc":{"start":{"line":23,"column":25},"end":{"line":23,"column":101}},"type":"cond-expr","locations":[{"start":{"line":23,"column":57},"end":{"line":23,"column":75}},{"start":{"line":23,"column":78},"end":{"line":23,"column":101}}],"line":23},"1":{"loc":{"start":{"line":26,"column":25},"end":{"line":28,"column":32}},"type":"cond-expr","locations":[{"start":{"line":27,"column":30},"end":{"line":27,"column":86}},{"start":{"line":28,"column":30},"end":{"line":28,"column":32}}],"line":26},"2":{"loc":{"start":{"line":27,"column":33},"end":{"line":27,"column":71}},"type":"binary-expr","locations":[{"start":{"line":27,"column":33},"end":{"line":27,"column":66}},{"start":{"line":27,"column":70},"end":{"line":27,"column":71}}],"line":27}},"s":{"0":0,"1":0},"f":{"0":0},"b":{"0":[0,0],"1":[0,0],"2":[0,0]}}
,"E:\\Difa\\2025\\Belajar\\simple-quicks2\\src\\components\\chat\\ChatInput.tsx": {"path":"E:\\Difa\\2025\\Belajar\\simple-quicks2\\src\\components\\chat\\ChatInput.tsx","statementMap":{"0":{"start":{"line":12,"column":51},"end":{"line":65,"column":1}},"1":{"start":{"line":19,"column":26},"end":{"line":23,"column":5}},"2":{"start":{"line":20,"column":8},"end":{"line":22,"column":9}},"3":{"start":{"line":21,"column":12},"end":{"line":21,"column":21}},"4":{"start":{"line":25,"column":4},"end":{"line":64,"column":6}},"5":{"start":{"line":53,"column":37},"end":{"line":53,"column":65}}},"fnMap":{"0":{"name":"(anonymous_0)","decl":{"start":{"line":12,"column":51},"end":{"line":12,"column":52}},"loc":{"start":{"line":18,"column":6},"end":{"line":65,"column":1}},"line":18},"1":{"name":"(anonymous_1)","decl":{"start":{"line":19,"column":26},"end":{"line":19,"column":27}},"loc":{"start":{"line":19,"column":72},"end":{"line":23,"column":5}},"line":19},"2":{"name":"(anonymous_2)","decl":{"start":{"line":53,"column":30},"end":{"line":53,"column":31}},"loc":{"start":{"line":53,"column":37},"end":{"line":53,"column":65}},"line":53}},"branchMap":{"0":{"loc":{"start":{"line":20,"column":8},"end":{"line":22,"column":9}},"type":"if","locations":[{"start":{"line":20,"column":8},"end":{"line":22,"column":9}},{"start":{},"end":{}}],"line":20},"1":{"loc":{"start":{"line":28,"column":13},"end":{"line":45,"column":13}},"type":"binary-expr","locations":[{"start":{"line":28,"column":13},"end":{"line":28,"column":23}},{"start":{"line":29,"column":16},"end":{"line":44,"column":22}}],"line":28}},"s":{"0":1,"1":7,"2":6,"3":1,"4":7,"5":5},"f":{"0":7,"1":6,"2":5},"b":{"0":[1,5],"1":[7,2]},"_coverageSchema":"1a1c01bbd47fc00a2c39e90264f33305004495a9","hash":"79c13febf699bebd9fcc9d064353839710a943c8"}
,"E:\\Difa\\2025\\Belajar\\simple-quicks2\\src\\components\\chat\\ChatListHeader.tsx": {"path":"E:\\Difa\\2025\\Belajar\\simple-quicks2\\src\\components\\chat\\ChatListHeader.tsx","statementMap":{"0":{"start":{"line":9,"column":61},"end":{"line":26,"column":1}},"1":{"start":{"line":10,"column":4},"end":{"line":25,"column":6}},"2":{"start":{"line":21,"column":37},"end":{"line":21,"column":67}}},"fnMap":{"0":{"name":"(anonymous_0)","decl":{"start":{"line":9,"column":61},"end":{"line":9,"column":62}},"loc":{"start":{"line":9,"column":97},"end":{"line":26,"column":1}},"line":9},"1":{"name":"(anonymous_1)","decl":{"start":{"line":21,"column":30},"end":{"line":21,"column":31}},"loc":{"start":{"line":21,"column":37},"end":{"line":21,"column":67}},"line":21}},"branchMap":{},"s":{"0":0,"1":0,"2":0},"f":{"0":0,"1":0},"b":{}}
,"E:\\Difa\\2025\\Belajar\\simple-quicks2\\src\\components\\chat\\ChatListItem.tsx": {"path":"E:\\Difa\\2025\\Belajar\\simple-quicks2\\src\\components\\chat\\ChatListItem.tsx","statementMap":{"0":{"start":{"line":10,"column":57},"end":{"line":80,"column":1}},"1":{"start":{"line":11,"column":20},"end":{"line":11,"column":49}},"2":{"start":{"line":12,"column":18},"end":{"line":12,"column":72}},"3":{"start":{"line":13,"column":19},"end":{"line":13,"column":75}},"4":{"start":{"line":16,"column":8},"end":{"line":37,"column":14}},"5":{"start":{"line":20,"column":62},"end":{"line":20,"column":104}},"6":{"start":{"line":40,"column":4},"end":{"line":79,"column":6}},"7":{"start":{"line":45,"column":20},"end":{"line":45,"column":114}}},"fnMap":{"0":{"name":"(anonymous_0)","decl":{"start":{"line":10,"column":57},"end":{"line":10,"column":58}},"loc":{"start":{"line":10,"column":91},"end":{"line":80,"column":1}},"line":10},"1":{"name":"(anonymous_1)","decl":{"start":{"line":20,"column":57},"end":{"line":20,"column":58}},"loc":{"start":{"line":20,"column":62},"end":{"line":20,"column":104}},"line":20},"2":{"name":"(anonymous_2)","decl":{"start":{"line":44,"column":27},"end":{"line":44,"column":28}},"loc":{"start":{"line":45,"column":20},"end":{"line":45,"column":114}},"line":45}},"branchMap":{"0":{"loc":{"start":{"line":12,"column":18},"end":{"line":12,"column":72}},"type":"cond-expr","locations":[{"start":{"line":12,"column":28},"end":{"line":12,"column":46}},{"start":{"line":12,"column":49},"end":{"line":12,"column":72}}],"line":12},"1":{"loc":{"start":{"line":13,"column":19},"end":{"line":13,"column":75}},"type":"cond-expr","locations":[{"start":{"line":13,"column":29},"end":{"line":13,"column":47}},{"start":{"line":13,"column":50},"end":{"line":13,"column":75}}],"line":13},"2":{"loc":{"start":{"line":17,"column":13},"end":{"line":30,"column":13}},"type":"cond-expr","locations":[{"start":{"line":18,"column":16},"end":{"line":25,"column":22}},{"start":{"line":27,"column":16},"end":{"line":29,"column":20}}],"line":17},"3":{"loc":{"start":{"line":17,"column":13},"end":{"line":17,"column":66}},"type":"binary-expr","locations":[{"start":{"line":17,"column":13},"end":{"line":17,"column":20}},{"start":{"line":17,"column":24},"end":{"line":17,"column":66}}],"line":17},"4":{"loc":{"start":{"line":32,"column":13},"end":{"line":36,"column":13}},"type":"binary-expr","locations":[{"start":{"line":32,"column":13},"end":{"line":32,"column":32}},{"start":{"line":33,"column":16},"end":{"line":35,"column":22}}],"line":32},"5":{"loc":{"start":{"line":45,"column":82},"end":{"line":45,"column":112}},"type":"cond-expr","locations":[{"start":{"line":45,"column":93},"end":{"line":45,"column":107}},{"start":{"line":45,"column":110},"end":{"line":45,"column":112}}],"line":45},"6":{"loc":{"start":{"line":50,"column":25},"end":{"line":60,"column":25}},"type":"cond-expr","locations":[{"start":{"line":51,"column":28},"end":{"line":55,"column":30}},{"start":{"line":57,"column":28},"end":{"line":59,"column":34}}],"line":50}},"s":{"0":1,"1":6,"2":6,"3":6,"4":6,"5":2,"6":6,"7":6},"f":{"0":6,"1":2,"2":6},"b":{"0":[2,4],"1":[2,4],"2":[2,4],"3":[6,2],"4":[6,2],"5":[0,6],"6":[2,4]},"_coverageSchema":"1a1c01bbd47fc00a2c39e90264f33305004495a9","hash":"c4ffdaea1ac879c0fbf8fa831f5439c2fd68631a"}
,"E:\\Difa\\2025\\Belajar\\simple-quicks2\\src\\components\\chat\\MessageBubble.tsx": {"path":"E:\\Difa\\2025\\Belajar\\simple-quicks2\\src\\components\\chat\\MessageBubble.tsx","statementMap":{"0":{"start":{"line":25,"column":59},"end":{"line":167,"column":1}},"1":{"start":{"line":42,"column":4},"end":{"line":166,"column":6}},"2":{"start":{"line":58,"column":39},"end":{"line":58,"column":59}},"3":{"start":{"line":59,"column":47},"end":{"line":59,"column":75}},"4":{"start":{"line":60,"column":47},"end":{"line":63,"column":29}},"5":{"start":{"line":64,"column":28},"end":{"line":64,"column":58}},"6":{"start":{"line":83,"column":32},"end":{"line":83,"column":52}},"7":{"start":{"line":84,"column":32},"end":{"line":84,"column":95}},"8":{"start":{"line":95,"column":51},"end":{"line":95,"column":103}},"9":{"start":{"line":102,"column":55},"end":{"line":102,"column":84}},"10":{"start":{"line":109,"column":51},"end":{"line":109,"column":67}},"11":{"start":{"line":125,"column":55},"end":{"line":125,"column":75}},"12":{"start":{"line":127,"column":63},"end":{"line":127,"column":91}},"13":{"start":{"line":128,"column":59},"end":{"line":131,"column":45}},"14":{"start":{"line":132,"column":44},"end":{"line":132,"column":105}},"15":{"start":{"line":144,"column":57},"end":{"line":144,"column":89}}},"fnMap":{"0":{"name":"(anonymous_0)","decl":{"start":{"line":25,"column":59},"end":{"line":25,"column":60}},"loc":{"start":{"line":41,"column":6},"end":{"line":167,"column":1}},"line":41},"1":{"name":"(anonymous_1)","decl":{"start":{"line":57,"column":27},"end":{"line":57,"column":28}},"loc":{"start":{"line":57,"column":33},"end":{"line":65,"column":25}},"line":57},"2":{"name":"(anonymous_2)","decl":{"start":{"line":82,"column":37},"end":{"line":82,"column":38}},"loc":{"start":{"line":82,"column":44},"end":{"line":85,"column":29}},"line":82},"3":{"name":"(anonymous_3)","decl":{"start":{"line":95,"column":45},"end":{"line":95,"column":46}},"loc":{"start":{"line":95,"column":51},"end":{"line":95,"column":103}},"line":95},"4":{"name":"(anonymous_4)","decl":{"start":{"line":102,"column":49},"end":{"line":102,"column":50}},"loc":{"start":{"line":102,"column":55},"end":{"line":102,"column":84}},"line":102},"5":{"name":"(anonymous_5)","decl":{"start":{"line":109,"column":45},"end":{"line":109,"column":46}},"loc":{"start":{"line":109,"column":51},"end":{"line":109,"column":67}},"line":109},"6":{"name":"(anonymous_6)","decl":{"start":{"line":123,"column":43},"end":{"line":123,"column":44}},"loc":{"start":{"line":123,"column":49},"end":{"line":133,"column":41}},"line":123},"7":{"name":"(anonymous_7)","decl":{"start":{"line":144,"column":50},"end":{"line":144,"column":51}},"loc":{"start":{"line":144,"column":57},"end":{"line":144,"column":89}},"line":144}},"branchMap":{"0":{"loc":{"start":{"line":44,"column":13},"end":{"line":50,"column":13}},"type":"binary-expr","locations":[{"start":{"line":44,"column":13},"end":{"line":44,"column":36}},{"start":{"line":45,"column":16},"end":{"line":49,"column":22}}],"line":44},"1":{"loc":{"start":{"line":52,"column":45},"end":{"line":52,"column":79}},"type":"cond-expr","locations":[{"start":{"line":52,"column":52},"end":{"line":52,"column":63}},{"start":{"line":52,"column":66},"end":{"line":52,"column":79}}],"line":52},"2":{"loc":{"start":{"line":54,"column":79},"end":{"line":66,"column":45}},"type":"cond-expr","locations":[{"start":{"line":55,"column":22},"end":{"line":55,"column":38}},{"start":{"line":56,"column":22},"end":{"line":66,"column":45}}],"line":54},"3":{"loc":{"start":{"line":56,"column":22},"end":{"line":66,"column":45}},"type":"cond-expr","locations":[{"start":{"line":57,"column":26},"end":{"line":65,"column":28}},{"start":{"line":66,"column":26},"end":{"line":66,"column":45}}],"line":56},"4":{"loc":{"start":{"line":59,"column":47},"end":{"line":59,"column":75}},"type":"cond-expr","locations":[{"start":{"line":59,"column":59},"end":{"line":59,"column":60}},{"start":{"line":59,"column":63},"end":{"line":59,"column":75}}],"line":59},"5":{"loc":{"start":{"line":68,"column":21},"end":{"line":68,"column":46}},"type":"cond-expr","locations":[{"start":{"line":68,"column":28},"end":{"line":68,"column":33}},{"start":{"line":68,"column":36},"end":{"line":68,"column":46}}],"line":68},"6":{"loc":{"start":{"line":73,"column":21},"end":{"line":77,"column":21}},"type":"binary-expr","locations":[{"start":{"line":73,"column":21},"end":{"line":73,"column":32}},{"start":{"line":74,"column":24},"end":{"line":76,"column":30}}],"line":73},"7":{"loc":{"start":{"line":79,"column":44},"end":{"line":79,"column":82}},"type":"cond-expr","locations":[{"start":{"line":79,"column":51},"end":{"line":79,"column":64}},{"start":{"line":79,"column":67},"end":{"line":79,"column":82}}],"line":79},"8":{"loc":{"start":{"line":84,"column":51},"end":{"line":84,"column":93}},"type":"cond-expr","locations":[{"start":{"line":84,"column":80},"end":{"line":84,"column":84}},{"start":{"line":84,"column":87},"end":{"line":84,"column":93}}],"line":84},"9":{"loc":{"start":{"line":86,"column":57},"end":{"line":86,"column":86}},"type":"cond-expr","locations":[{"start":{"line":86,"column":64},"end":{"line":86,"column":73}},{"start":{"line":86,"column":76},"end":{"line":86,"column":86}}],"line":86},"10":{"loc":{"start":{"line":92,"column":25},"end":{"line":115,"column":25}},"type":"binary-expr","locations":[{"start":{"line":92,"column":25},"end":{"line":92,"column":51}},{"start":{"line":93,"column":28},"end":{"line":114,"column":34}}],"line":92},"11":{"loc":{"start":{"line":93,"column":62},"end":{"line":93,"column":115}},"type":"cond-expr","locations":[{"start":{"line":93,"column":69},"end":{"line":93,"column":91}},{"start":{"line":93,"column":94},"end":{"line":93,"column":115}}],"line":93},"12":{"loc":{"start":{"line":95,"column":77},"end":{"line":95,"column":102}},"type":"cond-expr","locations":[{"start":{"line":95,"column":84},"end":{"line":95,"column":89}},{"start":{"line":95,"column":92},"end":{"line":95,"column":102}}],"line":95},"13":{"loc":{"start":{"line":100,"column":33},"end":{"line":107,"column":33}},"type":"binary-expr","locations":[{"start":{"line":100,"column":33},"end":{"line":100,"column":37}},{"start":{"line":101,"column":36},"end":{"line":106,"column":45}}],"line":100},"14":{"loc":{"start":{"line":120,"column":30},"end":{"line":134,"column":86}},"type":"cond-expr","locations":[{"start":{"line":121,"column":38},"end":{"line":121,"column":82}},{"start":{"line":122,"column":38},"end":{"line":134,"column":86}}],"line":120},"15":{"loc":{"start":{"line":122,"column":38},"end":{"line":134,"column":86}},"type":"cond-expr","locations":[{"start":{"line":123,"column":42},"end":{"line":133,"column":44}},{"start":{"line":134,"column":42},"end":{"line":134,"column":86}}],"line":122},"16":{"loc":{"start":{"line":127,"column":63},"end":{"line":127,"column":91}},"type":"cond-expr","locations":[{"start":{"line":127,"column":75},"end":{"line":127,"column":76}},{"start":{"line":127,"column":79},"end":{"line":127,"column":91}}],"line":127},"17":{"loc":{"start":{"line":140,"column":29},"end":{"line":160,"column":29}},"type":"cond-expr","locations":[{"start":{"line":141,"column":32},"end":{"line":152,"column":38}},{"start":{"line":154,"column":32},"end":{"line":159,"column":35}}],"line":140}},"s":{"0":1,"1":17,"2":1,"3":1,"4":1,"5":1,"6":2,"7":2,"8":1,"9":1,"10":1,"11":1,"12":1,"13":1,"14":1,"15":1},"f":{"0":17,"1":1,"2":2,"3":1,"4":1,"5":1,"6":1,"7":1},"b":{"0":[17,1],"1":[13,4],"2":[13,4],"3":[1,3],"4":[0,1],"5":[13,4],"6":[17,1],"7":[13,4],"8":[1,1],"9":[13,4],"10":[17,6],"11":[5,1],"12":[1,0],"13":[6,5],"14":[13,4],"15":[1,3],"16":[0,1],"17":[4,13]},"_coverageSchema":"1a1c01bbd47fc00a2c39e90264f33305004495a9","hash":"a28d6778d5c5c24cc19fc36e45caffa0ee163983"}
,"E:\\Difa\\2025\\Belajar\\simple-quicks2\\src\\components\\chat\\MessageList.tsx": {"path":"E:\\Difa\\2025\\Belajar\\simple-quicks2\\src\\components\\chat\\MessageList.tsx","statementMap":{"0":{"start":{"line":21,"column":55},"end":{"line":133,"column":1}},"1":{"start":{"line":36,"column":27},"end":{"line":36,"column":55}},"2":{"start":{"line":38,"column":4},"end":{"line":40,"column":26}},"3":{"start":{"line":39,"column":8},"end":{"line":39,"column":71}},"4":{"start":{"line":42,"column":59},"end":{"line":42,"column":61}},"5":{"start":{"line":43,"column":4},"end":{"line":47,"column":7}},"6":{"start":{"line":44,"column":21},"end":{"line":44,"column":65}},"7":{"start":{"line":45,"column":8},"end":{"line":45,"column":63}},"8":{"start":{"line":45,"column":36},"end":{"line":45,"column":63}},"9":{"start":{"line":46,"column":8},"end":{"line":46,"column":40}},"10":{"start":{"line":49,"column":50},"end":{"line":49,"column":54}},"11":{"start":{"line":50,"column":4},"end":{"line":66,"column":5}},"12":{"start":{"line":51,"column":33},"end":{"line":51,"column":35}},"13":{"start":{"line":52,"column":8},"end":{"line":57,"column":9}},"14":{"start":{"line":52,"column":21},"end":{"line":52,"column":40}},"15":{"start":{"line":53,"column":12},"end":{"line":56,"column":13}},"16":{"start":{"line":54,"column":16},"end":{"line":54,"column":39}},"17":{"start":{"line":55,"column":16},"end":{"line":55,"column":22}},"18":{"start":{"line":59,"column":8},"end":{"line":65,"column":9}},"19":{"start":{"line":60,"column":12},"end":{"line":62,"column":13}},"20":{"start":{"line":61,"column":16},"end":{"line":61,"column":79}},"21":{"start":{"line":63,"column":15},"end":{"line":65,"column":9}},"22":{"start":{"line":64,"column":12},"end":{"line":64,"column":54}},"23":{"start":{"line":68,"column":4},"end":{"line":132,"column":6}},"24":{"start":{"line":69,"column":95},"end":{"line":69,"column":119}},"25":{"start":{"line":71,"column":32},"end":{"line":71,"column":59}},"26":{"start":{"line":72,"column":30},"end":{"line":72,"column":40}},"27":{"start":{"line":73,"column":32},"end":{"line":73,"column":79}},"28":{"start":{"line":74,"column":34},"end":{"line":74,"column":49}},"29":{"start":{"line":75,"column":16},"end":{"line":75,"column":55}},"30":{"start":{"line":76,"column":36},"end":{"line":76,"column":87}},"31":{"start":{"line":78,"column":32},"end":{"line":78,"column":119}},"32":{"start":{"line":79,"column":16},"end":{"line":80,"column":75}},"33":{"start":{"line":79,"column":29},"end":{"line":79,"column":62}},"34":{"start":{"line":80,"column":21},"end":{"line":80,"column":75}},"35":{"start":{"line":80,"column":38},"end":{"line":80,"column":75}},"36":{"start":{"line":82,"column":16},"end":{"line":128,"column":18}},"37":{"start":{"line":95,"column":41},"end":{"line":95,"column":62}},"38":{"start":{"line":96,"column":45},"end":{"line":96,"column":54}},"39":{"start":{"line":97,"column":28},"end":{"line":104,"column":29}},"40":{"start":{"line":98,"column":32},"end":{"line":103,"column":33}},"41":{"start":{"line":99,"column":36},"end":{"line":99,"column":86}},"42":{"start":{"line":101,"column":56},"end":{"line":101,"column":115}},"43":{"start":{"line":101,"column":93},"end":{"line":101,"column":114}},"44":{"start":{"line":102,"column":36},"end":{"line":102,"column":80}},"45":{"start":{"line":106,"column":28},"end":{"line":125,"column":30}}},"fnMap":{"0":{"name":"(anonymous_0)","decl":{"start":{"line":21,"column":55},"end":{"line":21,"column":56}},"loc":{"start":{"line":35,"column":6},"end":{"line":133,"column":1}},"line":35},"1":{"name":"(anonymous_1)","decl":{"start":{"line":38,"column":14},"end":{"line":38,"column":15}},"loc":{"start":{"line":38,"column":20},"end":{"line":40,"column":5}},"line":38},"2":{"name":"(anonymous_2)","decl":{"start":{"line":43,"column":21},"end":{"line":43,"column":22}},"loc":{"start":{"line":43,"column":28},"end":{"line":47,"column":5}},"line":43},"3":{"name":"(anonymous_3)","decl":{"start":{"line":69,"column":89},"end":{"line":69,"column":90}},"loc":{"start":{"line":69,"column":95},"end":{"line":69,"column":119}},"line":69},"4":{"name":"(anonymous_4)","decl":{"start":{"line":70,"column":49},"end":{"line":70,"column":50}},"loc":{"start":{"line":70,"column":67},"end":{"line":129,"column":13}},"line":70},"5":{"name":"(anonymous_5)","decl":{"start":{"line":94,"column":34},"end":{"line":94,"column":35}},"loc":{"start":{"line":94,"column":43},"end":{"line":126,"column":25}},"line":94},"6":{"name":"(anonymous_6)","decl":{"start":{"line":101,"column":88},"end":{"line":101,"column":89}},"loc":{"start":{"line":101,"column":93},"end":{"line":101,"column":114}},"line":101}},"branchMap":{"0":{"loc":{"start":{"line":45,"column":8},"end":{"line":45,"column":63}},"type":"if","locations":[{"start":{"line":45,"column":8},"end":{"line":45,"column":63}},{"start":{},"end":{}}],"line":45},"1":{"loc":{"start":{"line":50,"column":4},"end":{"line":66,"column":5}},"type":"if","locations":[{"start":{"line":50,"column":4},"end":{"line":66,"column":5}},{"start":{},"end":{}}],"line":50},"2":{"loc":{"start":{"line":53,"column":12},"end":{"line":56,"column":13}},"type":"if","locations":[{"start":{"line":53,"column":12},"end":{"line":56,"column":13}},{"start":{},"end":{}}],"line":53},"3":{"loc":{"start":{"line":59,"column":8},"end":{"line":65,"column":9}},"type":"if","locations":[{"start":{"line":59,"column":8},"end":{"line":65,"column":9}},{"start":{"line":63,"column":15},"end":{"line":65,"column":9}}],"line":59},"4":{"loc":{"start":{"line":60,"column":12},"end":{"line":62,"column":13}},"type":"if","locations":[{"start":{"line":60,"column":12},"end":{"line":62,"column":13}},{"start":{},"end":{}}],"line":60},"5":{"loc":{"start":{"line":63,"column":15},"end":{"line":65,"column":9}},"type":"if","locations":[{"start":{"line":63,"column":15},"end":{"line":65,"column":9}},{"start":{},"end":{}}],"line":63},"6":{"loc":{"start":{"line":79,"column":16},"end":{"line":80,"column":75}},"type":"if","locations":[{"start":{"line":79,"column":16},"end":{"line":80,"column":75}},{"start":{"line":80,"column":21},"end":{"line":80,"column":75}}],"line":79},"7":{"loc":{"start":{"line":80,"column":21},"end":{"line":80,"column":75}},"type":"if","locations":[{"start":{"line":80,"column":21},"end":{"line":80,"column":75}},{"start":{},"end":{}}],"line":80},"8":{"loc":{"start":{"line":97,"column":28},"end":{"line":104,"column":29}},"type":"if","locations":[{"start":{"line":97,"column":28},"end":{"line":104,"column":29}},{"start":{},"end":{}}],"line":97},"9":{"loc":{"start":{"line":98,"column":32},"end":{"line":103,"column":33}},"type":"if","locations":[{"start":{"line":98,"column":32},"end":{"line":103,"column":33}},{"start":{"line":100,"column":39},"end":{"line":103,"column":33}}],"line":98},"10":{"loc":{"start":{"line":99,"column":49},"end":{"line":99,"column":85}},"type":"binary-expr","locations":[{"start":{"line":99,"column":49},"end":{"line":99,"column":72}},{"start":{"line":99,"column":76},"end":{"line":99,"column":85}}],"line":99},"11":{"loc":{"start":{"line":102,"column":49},"end":{"line":102,"column":79}},"type":"binary-expr","locations":[{"start":{"line":102,"column":49},"end":{"line":102,"column":66}},{"start":{"line":102,"column":70},"end":{"line":102,"column":79}}],"line":102}},"s":{"0":0,"1":0,"2":0,"3":0,"4":0,"5":0,"6":0,"7":0,"8":0,"9":0,"10":0,"11":0,"12":0,"13":0,"14":0,"15":0,"16":0,"17":0,"18":0,"19":0,"20":0,"21":0,"22":0,"23":0,"24":0,"25":0,"26":0,"27":0,"28":0,"29":0,"30":0,"31":0,"32":0,"33":0,"34":0,"35":0,"36":0,"37":0,"38":0,"39":0,"40":0,"41":0,"42":0,"43":0,"44":0,"45":0},"f":{"0":0,"1":0,"2":0,"3":0,"4":0,"5":0,"6":0},"b":{"0":[0,0],"1":[0,0],"2":[0,0],"3":[0,0],"4":[0,0],"5":[0,0],"6":[0,0],"7":[0,0],"8":[0,0],"9":[0,0],"10":[0,0],"11":[0,0]}}
,"E:\\Difa\\2025\\Belajar\\simple-quicks2\\src\\components\\chat\\Spinner.tsx": {"path":"E:\\Difa\\2025\\Belajar\\simple-quicks2\\src\\components\\chat\\Spinner.tsx","statementMap":{"0":{"start":{"line":1,"column":23},"end":{"line":22,"column":1}},"1":{"start":{"line":2,"column":4},"end":{"line":21,"column":10}}},"fnMap":{"0":{"name":"(anonymous_0)","decl":{"start":{"line":1,"column":23},"end":{"line":1,"column":24}},"loc":{"start":{"line":2,"column":4},"end":{"line":21,"column":10}},"line":2}},"branchMap":{},"s":{"0":1,"1":2},"f":{"0":2},"b":{},"_coverageSchema":"1a1c01bbd47fc00a2c39e90264f33305004495a9","hash":"202893511408f62b4fd0836fbacb74b124e5474f"}
,"E:\\Difa\\2025\\Belajar\\simple-quicks2\\src\\components\\common\\Loader.tsx": {"path":"E:\\Difa\\2025\\Belajar\\simple-quicks2\\src\\components\\common\\Loader.tsx","statementMap":{"0":{"start":{"line":7,"column":45},"end":{"line":14,"column":1}},"1":{"start":{"line":8,"column":4},"end":{"line":13,"column":6}}},"fnMap":{"0":{"name":"(anonymous_0)","decl":{"start":{"line":7,"column":45},"end":{"line":7,"column":46}},"loc":{"start":{"line":7,"column":74},"end":{"line":14,"column":1}},"line":7}},"branchMap":{"0":{"loc":{"start":{"line":7,"column":48},"end":{"line":7,"column":67}},"type":"default-arg","locations":[{"start":{"line":7,"column":55},"end":{"line":7,"column":67}}],"line":7}},"s":{"0":0,"1":0},"f":{"0":0},"b":{"0":[0]}}
,"E:\\Difa\\2025\\Belajar\\simple-quicks2\\src\\components\\common\\QuickActionTabs.tsx": {"path":"E:\\Difa\\2025\\Belajar\\simple-quicks2\\src\\components\\common\\QuickActionTabs.tsx","statementMap":{"0":{"start":{"line":12,"column":20},"end":{"line":27,"column":1}},"1":{"start":{"line":29,"column":25},"end":{"line":35,"column":1}},"2":{"start":{"line":37,"column":41},"end":{"line":179,"column":1}},"3":{"start":{"line":38,"column":21},"end":{"line":38,"column":34}},"4":{"start":{"line":39,"column":32},"end":{"line":39,"column":47}},"5":{"start":{"line":40,"column":42},"end":{"line":40,"column":69}},"6":{"start":{"line":42,"column":22},"end":{"line":44,"column":63}},"7":{"start":{"line":44,"column":26},"end":{"line":44,"column":46}},"8":{"start":{"line":47,"column":32},"end":{"line":49,"column":5}},"9":{"start":{"line":48,"column":8},"end":{"line":48,"column":37}},"10":{"start":{"line":48,"column":20},"end":{"line":48,"column":37}},"11":{"start":{"line":51,"column":27},"end":{"line":61,"column":5}},"12":{"start":{"line":53,"column":8},"end":{"line":59,"column":9}},"13":{"start":{"line":54,"column":12},"end":{"line":54,"column":38}},"14":{"start":{"line":55,"column":12},"end":{"line":55,"column":26}},"15":{"start":{"line":57,"column":12},"end":{"line":57,"column":35}},"16":{"start":{"line":58,"column":12},"end":{"line":58,"column":31}},"17":{"start":{"line":60,"column":8},"end":{"line":60,"column":25}},"18":{"start":{"line":63,"column":23},"end":{"line":65,"column":5}},"19":{"start":{"line":64,"column":8},"end":{"line":64,"column":27}},"20":{"start":{"line":68,"column":26},"end":{"line":68,"column":35}},"21":{"start":{"line":70,"column":4},"end":{"line":178,"column":6}},"22":{"start":{"line":93,"column":41},"end":{"line":93,"column":63}},"23":{"start":{"line":94,"column":24},"end":{"line":127,"column":26}},"24":{"start":{"line":102,"column":51},"end":{"line":102,"column":70}},"25":{"start":{"line":137,"column":32},"end":{"line":137,"column":58}},"26":{"start":{"line":138,"column":32},"end":{"line":138,"column":46}},"27":{"start":{"line":139,"column":32},"end":{"line":139,"column":49}}},"fnMap":{"0":{"name":"(anonymous_0)","decl":{"start":{"line":37,"column":41},"end":{"line":37,"column":42}},"loc":{"start":{"line":37,"column":47},"end":{"line":179,"column":1}},"line":37},"1":{"name":"(anonymous_1)","decl":{"start":{"line":44,"column":21},"end":{"line":44,"column":22}},"loc":{"start":{"line":44,"column":26},"end":{"line":44,"column":46}},"line":44},"2":{"name":"(anonymous_2)","decl":{"start":{"line":47,"column":32},"end":{"line":47,"column":33}},"loc":{"start":{"line":47,"column":38},"end":{"line":49,"column":5}},"line":47},"3":{"name":"(anonymous_3)","decl":{"start":{"line":51,"column":27},"end":{"line":51,"column":28}},"loc":{"start":{"line":51,"column":41},"end":{"line":61,"column":5}},"line":51},"4":{"name":"(anonymous_4)","decl":{"start":{"line":63,"column":23},"end":{"line":63,"column":24}},"loc":{"start":{"line":63,"column":29},"end":{"line":65,"column":5}},"line":63},"5":{"name":"(anonymous_5)","decl":{"start":{"line":92,"column":30},"end":{"line":92,"column":31}},"loc":{"start":{"line":92,"column":39},"end":{"line":128,"column":21}},"line":92},"6":{"name":"(anonymous_6)","decl":{"start":{"line":102,"column":45},"end":{"line":102,"column":46}},"loc":{"start":{"line":102,"column":51},"end":{"line":102,"column":70}},"line":102},"7":{"name":"(anonymous_7)","decl":{"start":{"line":136,"column":37},"end":{"line":136,"column":38}},"loc":{"start":{"line":136,"column":43},"end":{"line":140,"column":29}},"line":136}},"branchMap":{"0":{"loc":{"start":{"line":42,"column":22},"end":{"line":44,"column":63}},"type":"cond-expr","locations":[{"start":{"line":43,"column":10},"end":{"line":43,"column":21}},{"start":{"line":44,"column":11},"end":{"line":44,"column":62}}],"line":42},"1":{"loc":{"start":{"line":44,"column":11},"end":{"line":44,"column":62}},"type":"binary-expr","locations":[{"start":{"line":44,"column":11},"end":{"line":44,"column":47}},{"start":{"line":44,"column":51},"end":{"line":44,"column":62}}],"line":44},"2":{"loc":{"start":{"line":48,"column":8},"end":{"line":48,"column":37}},"type":"if","locations":[{"start":{"line":48,"column":8},"end":{"line":48,"column":37}},{"start":{},"end":{}}],"line":48},"3":{"loc":{"start":{"line":53,"column":8},"end":{"line":59,"column":9}},"type":"if","locations":[{"start":{"line":53,"column":8},"end":{"line":59,"column":9}},{"start":{"line":56,"column":15},"end":{"line":59,"column":9}}],"line":53},"4":{"loc":{"start":{"line":73,"column":13},"end":{"line":79,"column":13}},"type":"binary-expr","locations":[{"start":{"line":73,"column":13},"end":{"line":73,"column":19}},{"start":{"line":74,"column":16},"end":{"line":78,"column":18}}],"line":73},"5":{"loc":{"start":{"line":87,"column":22},"end":{"line":89,"column":71}},"type":"cond-expr","locations":[{"start":{"line":88,"column":26},"end":{"line":88,"column":73}},{"start":{"line":89,"column":26},"end":{"line":89,"column":71}}],"line":87},"6":{"loc":{"start":{"line":109,"column":57},"end":{"line":109,"column":93}},"type":"cond-expr","locations":[{"start":{"line":109,"column":68},"end":{"line":109,"column":77}},{"start":{"line":109,"column":80},"end":{"line":109,"column":93}}],"line":109},"7":{"loc":{"start":{"line":122,"column":61},"end":{"line":122,"column":91}},"type":"cond-expr","locations":[{"start":{"line":122,"column":72},"end":{"line":122,"column":79}},{"start":{"line":122,"column":82},"end":{"line":122,"column":91}}],"line":122},"8":{"loc":{"start":{"line":134,"column":21},"end":{"line":147,"column":21}},"type":"binary-expr","locations":[{"start":{"line":134,"column":21},"end":{"line":134,"column":46}},{"start":{"line":135,"column":24},"end":{"line":146,"column":26}}],"line":134},"9":{"loc":{"start":{"line":155,"column":30},"end":{"line":155,"column":61}},"type":"cond-expr","locations":[{"start":{"line":155,"column":39},"end":{"line":155,"column":56}},{"start":{"line":155,"column":59},"end":{"line":155,"column":61}}],"line":155}},"s":{"0":0,"1":0,"2":0,"3":0,"4":0,"5":0,"6":0,"7":0,"8":0,"9":0,"10":0,"11":0,"12":0,"13":0,"14":0,"15":0,"16":0,"17":0,"18":0,"19":0,"20":0,"21":0,"22":0,"23":0,"24":0,"25":0,"26":0,"27":0},"f":{"0":0,"1":0,"2":0,"3":0,"4":0,"5":0,"6":0,"7":0},"b":{"0":[0,0],"1":[0,0],"2":[0,0],"3":[0,0],"4":[0,0],"5":[0,0],"6":[0,0],"7":[0,0],"8":[0,0],"9":[0,0]}}
,"E:\\Difa\\2025\\Belajar\\simple-quicks2\\src\\components\\task\\TaskHeader.tsx": {"path":"E:\\Difa\\2025\\Belajar\\simple-quicks2\\src\\components\\task\\TaskHeader.tsx","statementMap":{"0":{"start":{"line":13,"column":53},"end":{"line":59,"column":1}},"1":{"start":{"line":20,"column":4},"end":{"line":58,"column":6}},"2":{"start":{"line":23,"column":54},"end":{"line":23,"column":73}},"3":{"start":{"line":25,"column":35},"end":{"line":25,"column":65}},"4":{"start":{"line":35,"column":28},"end":{"line":44,"column":37}},"5":{"start":{"line":38,"column":36},"end":{"line":38,"column":51}},"6":{"start":{"line":39,"column":36},"end":{"line":39,"column":59}}},"fnMap":{"0":{"name":"(anonymous_0)","decl":{"start":{"line":13,"column":53},"end":{"line":13,"column":54}},"loc":{"start":{"line":19,"column":6},"end":{"line":59,"column":1}},"line":19},"1":{"name":"(anonymous_1)","decl":{"start":{"line":23,"column":47},"end":{"line":23,"column":48}},"loc":{"start":{"line":23,"column":54},"end":{"line":23,"column":73}},"line":23},"2":{"name":"(anonymous_2)","decl":{"start":{"line":25,"column":29},"end":{"line":25,"column":30}},"loc":{"start":{"line":25,"column":35},"end":{"line":25,"column":65}},"line":25},"3":{"name":"(anonymous_3)","decl":{"start":{"line":34,"column":40},"end":{"line":34,"column":41}},"loc":{"start":{"line":35,"column":28},"end":{"line":44,"column":37}},"line":35},"4":{"name":"(anonymous_4)","decl":{"start":{"line":37,"column":41},"end":{"line":37,"column":42}},"loc":{"start":{"line":37,"column":47},"end":{"line":40,"column":33}},"line":37}},"branchMap":{"0":{"loc":{"start":{"line":29,"column":80},"end":{"line":29,"column":112}},"type":"cond-expr","locations":[{"start":{"line":29,"column":95},"end":{"line":29,"column":107}},{"start":{"line":29,"column":110},"end":{"line":29,"column":112}}],"line":29},"1":{"loc":{"start":{"line":32,"column":17},"end":{"line":47,"column":17}},"type":"binary-expr","locations":[{"start":{"line":32,"column":17},"end":{"line":32,"column":29}},{"start":{"line":33,"column":20},"end":{"line":46,"column":26}}],"line":32},"2":{"loc":{"start":{"line":41,"column":87},"end":{"line":41,"column":181}},"type":"cond-expr","locations":[{"start":{"line":41,"column":104},"end":{"line":41,"column":144}},{"start":{"line":41,"column":147},"end":{"line":41,"column":181}}],"line":41}},"s":{"0":0,"1":0,"2":0,"3":0,"4":0,"5":0,"6":0},"f":{"0":0,"1":0,"2":0,"3":0,"4":0},"b":{"0":[0,0],"1":[0,0],"2":[0,0]}}
,"E:\\Difa\\2025\\Belajar\\simple-quicks2\\src\\components\\task\\TaskItem.tsx": {"path":"E:\\Difa\\2025\\Belajar\\simple-quicks2\\src\\components\\task\\TaskItem.tsx","statementMap":{"0":{"start":{"line":33,"column":49},"end":{"line":211,"column":1}},"1":{"start":{"line":50,"column":21},"end":{"line":50,"column":46}},"2":{"start":{"line":52,"column":24},"end":{"line":55,"column":5}},"3":{"start":{"line":53,"column":14},"end":{"line":53,"column":32}},"4":{"start":{"line":60,"column":4},"end":{"line":210,"column":6}},"5":{"start":{"line":67,"column":42},"end":{"line":67,"column":62}},"6":{"start":{"line":67,"column":63},"end":{"line":67,"column":82}},"7":{"start":{"line":78,"column":45},"end":{"line":78,"column":74}},"8":{"start":{"line":85,"column":32},"end":{"line":85,"column":52}},"9":{"start":{"line":102,"column":46},"end":{"line":102,"column":66}},"10":{"start":{"line":102,"column":67},"end":{"line":102,"column":84}},"11":{"start":{"line":106,"column":50},"end":{"line":106,"column":70}},"12":{"start":{"line":106,"column":71},"end":{"line":106,"column":86}},"13":{"start":{"line":110,"column":152},"end":{"line":110,"column":171}},"14":{"start":{"line":113,"column":40},"end":{"line":113,"column":60}},"15":{"start":{"line":114,"column":40},"end":{"line":114,"column":51}},"16":{"start":{"line":136,"column":49},"end":{"line":136,"column":101}},"17":{"start":{"line":152,"column":40},"end":{"line":152,"column":76}},"18":{"start":{"line":153,"column":40},"end":{"line":153,"column":66}},"19":{"start":{"line":171,"column":36},"end":{"line":171,"column":56}},"20":{"start":{"line":172,"column":36},"end":{"line":172,"column":55}},"21":{"start":{"line":178,"column":36},"end":{"line":180,"column":43}},"22":{"start":{"line":186,"column":224},"end":{"line":186,"column":243}},"23":{"start":{"line":189,"column":44},"end":{"line":200,"column":53}},"24":{"start":{"line":191,"column":66},"end":{"line":191,"column":86}},"25":{"start":{"line":191,"column":87},"end":{"line":191,"column":104}}},"fnMap":{"0":{"name":"(anonymous_0)","decl":{"start":{"line":33,"column":49},"end":{"line":33,"column":50}},"loc":{"start":{"line":49,"column":6},"end":{"line":211,"column":1}},"line":49},"1":{"name":"(anonymous_1)","decl":{"start":{"line":53,"column":8},"end":{"line":53,"column":9}},"loc":{"start":{"line":53,"column":14},"end":{"line":53,"column":32}},"line":53},"2":{"name":"(anonymous_2)","decl":{"start":{"line":67,"column":33},"end":{"line":67,"column":34}},"loc":{"start":{"line":67,"column":40},"end":{"line":67,"column":84}},"line":67},"3":{"name":"(anonymous_3)","decl":{"start":{"line":78,"column":38},"end":{"line":78,"column":39}},"loc":{"start":{"line":78,"column":45},"end":{"line":78,"column":74}},"line":78},"4":{"name":"(anonymous_4)","decl":{"start":{"line":80,"column":37},"end":{"line":80,"column":38}},"loc":{"start":{"line":80,"column":44},"end":{"line":86,"column":29}},"line":80},"5":{"name":"(anonymous_5)","decl":{"start":{"line":102,"column":37},"end":{"line":102,"column":38}},"loc":{"start":{"line":102,"column":44},"end":{"line":102,"column":86}},"line":102},"6":{"name":"(anonymous_6)","decl":{"start":{"line":106,"column":41},"end":{"line":106,"column":42}},"loc":{"start":{"line":106,"column":48},"end":{"line":106,"column":88}},"line":106},"7":{"name":"(anonymous_7)","decl":{"start":{"line":110,"column":145},"end":{"line":110,"column":146}},"loc":{"start":{"line":110,"column":152},"end":{"line":110,"column":171}},"line":110},"8":{"name":"(anonymous_8)","decl":{"start":{"line":112,"column":45},"end":{"line":112,"column":46}},"loc":{"start":{"line":112,"column":52},"end":{"line":115,"column":37}},"line":112},"9":{"name":"(anonymous_9)","decl":{"start":{"line":136,"column":42},"end":{"line":136,"column":43}},"loc":{"start":{"line":136,"column":49},"end":{"line":136,"column":101}},"line":136},"10":{"name":"(anonymous_10)","decl":{"start":{"line":151,"column":44},"end":{"line":151,"column":45}},"loc":{"start":{"line":151,"column":51},"end":{"line":154,"column":37}},"line":151},"11":{"name":"(anonymous_11)","decl":{"start":{"line":170,"column":41},"end":{"line":170,"column":42}},"loc":{"start":{"line":170,"column":48},"end":{"line":173,"column":33}},"line":170},"12":{"name":"(anonymous_12)","decl":{"start":{"line":177,"column":60},"end":{"line":177,"column":61}},"loc":{"start":{"line":178,"column":36},"end":{"line":180,"column":43}},"line":178},"13":{"name":"(anonymous_13)","decl":{"start":{"line":186,"column":217},"end":{"line":186,"column":218}},"loc":{"start":{"line":186,"column":224},"end":{"line":186,"column":243}},"line":186},"14":{"name":"(anonymous_14)","decl":{"start":{"line":188,"column":60},"end":{"line":188,"column":61}},"loc":{"start":{"line":189,"column":44},"end":{"line":200,"column":53}},"line":189},"15":{"name":"(anonymous_15)","decl":{"start":{"line":191,"column":57},"end":{"line":191,"column":58}},"loc":{"start":{"line":191,"column":64},"end":{"line":191,"column":106}},"line":191}},"branchMap":{"0":{"loc":{"start":{"line":63,"column":102},"end":{"line":63,"column":126}},"type":"cond-expr","locations":[{"start":{"line":63,"column":115},"end":{"line":63,"column":121}},{"start":{"line":63,"column":124},"end":{"line":63,"column":126}}],"line":63},"1":{"loc":{"start":{"line":70,"column":25},"end":{"line":70,"column":95}},"type":"binary-expr","locations":[{"start":{"line":70,"column":25},"end":{"line":70,"column":39}},{"start":{"line":70,"column":43},"end":{"line":70,"column":95}}],"line":70},"2":{"loc":{"start":{"line":87,"column":184},"end":{"line":87,"column":235}},"type":"cond-expr","locations":[{"start":{"line":87,"column":201},"end":{"line":87,"column":230}},{"start":{"line":87,"column":233},"end":{"line":87,"column":235}}],"line":87},"3":{"loc":{"start":{"line":94,"column":21},"end":{"line":98,"column":21}},"type":"binary-expr","locations":[{"start":{"line":94,"column":21},"end":{"line":94,"column":36}},{"start":{"line":95,"column":24},"end":{"line":97,"column":31}}],"line":94},"4":{"loc":{"start":{"line":103,"column":114},"end":{"line":103,"column":144}},"type":"cond-expr","locations":[{"start":{"line":103,"column":127},"end":{"line":103,"column":139}},{"start":{"line":103,"column":142},"end":{"line":103,"column":144}}],"line":103},"5":{"loc":{"start":{"line":109,"column":25},"end":{"line":121,"column":25}},"type":"binary-expr","locations":[{"start":{"line":109,"column":25},"end":{"line":109,"column":35}},{"start":{"line":110,"column":28},"end":{"line":120,"column":34}}],"line":109},"6":{"loc":{"start":{"line":128,"column":16},"end":{"line":207,"column":17}},"type":"binary-expr","locations":[{"start":{"line":128,"column":16},"end":{"line":128,"column":26}},{"start":{"line":129,"column":20},"end":{"line":206,"column":26}}],"line":128},"7":{"loc":{"start":{"line":141,"column":74},"end":{"line":141,"column":141}},"type":"cond-expr","locations":[{"start":{"line":141,"column":100},"end":{"line":141,"column":119}},{"start":{"line":141,"column":122},"end":{"line":141,"column":141}}],"line":141},"8":{"loc":{"start":{"line":145,"column":29},"end":{"line":163,"column":29}},"type":"cond-expr","locations":[{"start":{"line":146,"column":32},"end":{"line":155,"column":34}},{"start":{"line":157,"column":32},"end":{"line":162,"column":36}}],"line":145},"9":{"loc":{"start":{"line":161,"column":37},"end":{"line":161,"column":74}},"type":"binary-expr","locations":[{"start":{"line":161,"column":37},"end":{"line":161,"column":53}},{"start":{"line":161,"column":57},"end":{"line":161,"column":74}}],"line":161},"10":{"loc":{"start":{"line":169,"column":69},"end":{"line":169,"column":146}},"type":"cond-expr","locations":[{"start":{"line":169,"column":105},"end":{"line":169,"column":124}},{"start":{"line":169,"column":127},"end":{"line":169,"column":146}}],"line":169},"11":{"loc":{"start":{"line":169,"column":69},"end":{"line":169,"column":102}},"type":"binary-expr","locations":[{"start":{"line":169,"column":69},"end":{"line":169,"column":78}},{"start":{"line":169,"column":82},"end":{"line":169,"column":102}}],"line":169},"12":{"loc":{"start":{"line":177,"column":33},"end":{"line":181,"column":34}},"type":"binary-expr","locations":[{"start":{"line":177,"column":33},"end":{"line":177,"column":42}},{"start":{"line":177,"column":46},"end":{"line":181,"column":34}}],"line":177},"13":{"loc":{"start":{"line":185,"column":29},"end":{"line":204,"column":29}},"type":"binary-expr","locations":[{"start":{"line":185,"column":29},"end":{"line":185,"column":43}},{"start":{"line":186,"column":32},"end":{"line":203,"column":38}}],"line":185},"14":{"loc":{"start":{"line":193,"column":50},"end":{"line":195,"column":125}},"type":"cond-expr","locations":[{"start":{"line":194,"column":58},"end":{"line":194,"column":134}},{"start":{"line":195,"column":58},"end":{"line":195,"column":125}}],"line":193},"15":{"loc":{"start":{"line":193,"column":51},"end":{"line":193,"column":66}},"type":"binary-expr","locations":[{"start":{"line":193,"column":51},"end":{"line":193,"column":60}},{"start":{"line":193,"column":64},"end":{"line":193,"column":66}}],"line":193}},"s":{"0":0,"1":0,"2":0,"3":0,"4":0,"5":0,"6":0,"7":0,"8":0,"9":0,"10":0,"11":0,"12":0,"13":0,"14":0,"15":0,"16":0,"17":0,"18":0,"19":0,"20":0,"21":0,"22":0,"23":0,"24":0,"25":0},"f":{"0":0,"1":0,"2":0,"3":0,"4":0,"5":0,"6":0,"7":0,"8":0,"9":0,"10":0,"11":0,"12":0,"13":0,"14":0,"15":0},"b":{"0":[0,0],"1":[0,0],"2":[0,0],"3":[0,0],"4":[0,0],"5":[0,0],"6":[0,0],"7":[0,0],"8":[0,0],"9":[0,0],"10":[0,0],"11":[0,0],"12":[0,0],"13":[0,0],"14":[0,0],"15":[0,0]}}
,"E:\\Difa\\2025\\Belajar\\simple-quicks2\\src\\components\\task\\TaskList.tsx": {"path":"E:\\Difa\\2025\\Belajar\\simple-quicks2\\src\\components\\task\\TaskList.tsx","statementMap":{"0":{"start":{"line":18,"column":49},"end":{"line":106,"column":1}},"1":{"start":{"line":30,"column":48},"end":{"line":30,"column":77}},"2":{"start":{"line":31,"column":52},"end":{"line":31,"column":81}},"3":{"start":{"line":32,"column":52},"end":{"line":32,"column":81}},"4":{"start":{"line":33,"column":60},"end":{"line":33,"column":89}},"5":{"start":{"line":36,"column":4},"end":{"line":41,"column":16}},"6":{"start":{"line":37,"column":29},"end":{"line":37,"column":70}},"7":{"start":{"line":37,"column":45},"end":{"line":37,"column":69}},"8":{"start":{"line":38,"column":8},"end":{"line":40,"column":9}},"9":{"start":{"line":39,"column":12},"end":{"line":39,"column":47}},"10":{"start":{"line":43,"column":25},"end":{"line":48,"column":5}},"11":{"start":{"line":44,"column":8},"end":{"line":44,"column":61}},"12":{"start":{"line":45,"column":8},"end":{"line":45,"column":34}},"13":{"start":{"line":46,"column":8},"end":{"line":46,"column":34}},"14":{"start":{"line":47,"column":8},"end":{"line":47,"column":38}},"15":{"start":{"line":50,"column":23},"end":{"line":55,"column":5}},"16":{"start":{"line":51,"column":8},"end":{"line":51,"column":65}},"17":{"start":{"line":52,"column":8},"end":{"line":54,"column":9}},"18":{"start":{"line":53,"column":12},"end":{"line":53,"column":38}},"19":{"start":{"line":57,"column":27},"end":{"line":62,"column":5}},"20":{"start":{"line":58,"column":8},"end":{"line":58,"column":65}},"21":{"start":{"line":59,"column":8},"end":{"line":61,"column":9}},"22":{"start":{"line":60,"column":12},"end":{"line":60,"column":38}},"23":{"start":{"line":64,"column":4},"end":{"line":66,"column":5}},"24":{"start":{"line":65,"column":8},"end":{"line":65,"column":54}},"25":{"start":{"line":68,"column":4},"end":{"line":74,"column":5}},"26":{"start":{"line":69,"column":8},"end":{"line":73,"column":10}},"27":{"start":{"line":77,"column":24},"end":{"line":80,"column":6}},"28":{"start":{"line":78,"column":8},"end":{"line":78,"column":50}},"29":{"start":{"line":78,"column":41},"end":{"line":78,"column":50}},"30":{"start":{"line":79,"column":8},"end":{"line":79,"column":36}},"31":{"start":{"line":82,"column":4},"end":{"line":105,"column":6}},"32":{"start":{"line":85,"column":16},"end":{"line":102,"column":18}},"33":{"start":{"line":92,"column":42},"end":{"line":92,"column":63}},"34":{"start":{"line":93,"column":40},"end":{"line":93,"column":59}},"35":{"start":{"line":94,"column":44},"end":{"line":94,"column":67}},"36":{"start":{"line":95,"column":51},"end":{"line":95,"column":125}},"37":{"start":{"line":96,"column":44},"end":{"line":96,"column":69}},"38":{"start":{"line":97,"column":36},"end":{"line":97,"column":53}},"39":{"start":{"line":98,"column":44},"end":{"line":98,"column":71}},"40":{"start":{"line":99,"column":51},"end":{"line":99,"column":85}},"41":{"start":{"line":100,"column":46},"end":{"line":100,"column":75}},"42":{"start":{"line":101,"column":42},"end":{"line":101,"column":67}}},"fnMap":{"0":{"name":"(anonymous_0)","decl":{"start":{"line":18,"column":49},"end":{"line":18,"column":50}},"loc":{"start":{"line":28,"column":6},"end":{"line":106,"column":1}},"line":28},"1":{"name":"(anonymous_1)","decl":{"start":{"line":36,"column":20},"end":{"line":36,"column":21}},"loc":{"start":{"line":36,"column":26},"end":{"line":41,"column":5}},"line":36},"2":{"name":"(anonymous_2)","decl":{"start":{"line":37,"column":40},"end":{"line":37,"column":41}},"loc":{"start":{"line":37,"column":45},"end":{"line":37,"column":69}},"line":37},"3":{"name":"(anonymous_3)","decl":{"start":{"line":43,"column":25},"end":{"line":43,"column":26}},"loc":{"start":{"line":43,"column":41},"end":{"line":48,"column":5}},"line":43},"4":{"name":"(anonymous_4)","decl":{"start":{"line":50,"column":23},"end":{"line":50,"column":24}},"loc":{"start":{"line":50,"column":39},"end":{"line":55,"column":5}},"line":50},"5":{"name":"(anonymous_5)","decl":{"start":{"line":57,"column":27},"end":{"line":57,"column":28}},"loc":{"start":{"line":57,"column":43},"end":{"line":62,"column":5}},"line":57},"6":{"name":"(anonymous_6)","decl":{"start":{"line":77,"column":40},"end":{"line":77,"column":41}},"loc":{"start":{"line":77,"column":50},"end":{"line":80,"column":5}},"line":77},"7":{"name":"(anonymous_7)","decl":{"start":{"line":84,"column":29},"end":{"line":84,"column":30}},"loc":{"start":{"line":85,"column":16},"end":{"line":102,"column":18}},"line":85},"8":{"name":"(anonymous_8)","decl":{"start":{"line":92,"column":36},"end":{"line":92,"column":37}},"loc":{"start":{"line":92,"column":42},"end":{"line":92,"column":63}},"line":92},"9":{"name":"(anonymous_9)","decl":{"start":{"line":93,"column":34},"end":{"line":93,"column":35}},"loc":{"start":{"line":93,"column":40},"end":{"line":93,"column":59}},"line":93},"10":{"name":"(anonymous_10)","decl":{"start":{"line":94,"column":38},"end":{"line":94,"column":39}},"loc":{"start":{"line":94,"column":44},"end":{"line":94,"column":67}},"line":94},"11":{"name":"(anonymous_11)","decl":{"start":{"line":95,"column":45},"end":{"line":95,"column":46}},"loc":{"start":{"line":95,"column":51},"end":{"line":95,"column":125}},"line":95},"12":{"name":"(anonymous_12)","decl":{"start":{"line":96,"column":38},"end":{"line":96,"column":39}},"loc":{"start":{"line":96,"column":44},"end":{"line":96,"column":69}},"line":96},"13":{"name":"(anonymous_13)","decl":{"start":{"line":97,"column":30},"end":{"line":97,"column":31}},"loc":{"start":{"line":97,"column":36},"end":{"line":97,"column":53}},"line":97},"14":{"name":"(anonymous_14)","decl":{"start":{"line":98,"column":34},"end":{"line":98,"column":35}},"loc":{"start":{"line":98,"column":44},"end":{"line":98,"column":71}},"line":98},"15":{"name":"(anonymous_15)","decl":{"start":{"line":99,"column":41},"end":{"line":99,"column":42}},"loc":{"start":{"line":99,"column":51},"end":{"line":99,"column":85}},"line":99},"16":{"name":"(anonymous_16)","decl":{"start":{"line":100,"column":35},"end":{"line":100,"column":36}},"loc":{"start":{"line":100,"column":46},"end":{"line":100,"column":75}},"line":100},"17":{"name":"(anonymous_17)","decl":{"start":{"line":101,"column":33},"end":{"line":101,"column":34}},"loc":{"start":{"line":101,"column":42},"end":{"line":101,"column":67}},"line":101}},"branchMap":{"0":{"loc":{"start":{"line":37,"column":45},"end":{"line":37,"column":69}},"type":"binary-expr","locations":[{"start":{"line":37,"column":45},"end":{"line":37,"column":53}},{"start":{"line":37,"column":57},"end":{"line":37,"column":69}}],"line":37},"1":{"loc":{"start":{"line":38,"column":8},"end":{"line":40,"column":9}},"type":"if","locations":[{"start":{"line":38,"column":8},"end":{"line":40,"column":9}},{"start":{},"end":{}}],"line":38},"2":{"loc":{"start":{"line":38,"column":12},"end":{"line":38,"column":62}},"type":"binary-expr","locations":[{"start":{"line":38,"column":12},"end":{"line":38,"column":24}},{"start":{"line":38,"column":28},"end":{"line":38,"column":62}}],"line":38},"3":{"loc":{"start":{"line":44,"column":26},"end":{"line":44,"column":59}},"type":"cond-expr","locations":[{"start":{"line":44,"column":50},"end":{"line":44,"column":54}},{"start":{"line":44,"column":57},"end":{"line":44,"column":59}}],"line":44},"4":{"loc":{"start":{"line":51,"column":28},"end":{"line":51,"column":63}},"type":"cond-expr","locations":[{"start":{"line":51,"column":54},"end":{"line":51,"column":58}},{"start":{"line":51,"column":61},"end":{"line":51,"column":63}}],"line":51},"5":{"loc":{"start":{"line":52,"column":8},"end":{"line":54,"column":9}},"type":"if","locations":[{"start":{"line":52,"column":8},"end":{"line":54,"column":9}},{"start":{},"end":{}}],"line":52},"6":{"loc":{"start":{"line":58,"column":28},"end":{"line":58,"column":63}},"type":"cond-expr","locations":[{"start":{"line":58,"column":54},"end":{"line":58,"column":58}},{"start":{"line":58,"column":61},"end":{"line":58,"column":63}}],"line":58},"7":{"loc":{"start":{"line":59,"column":8},"end":{"line":61,"column":9}},"type":"if","locations":[{"start":{"line":59,"column":8},"end":{"line":61,"column":9}},{"start":{},"end":{}}],"line":59},"8":{"loc":{"start":{"line":64,"column":4},"end":{"line":66,"column":5}},"type":"if","locations":[{"start":{"line":64,"column":4},"end":{"line":66,"column":5}},{"start":{},"end":{}}],"line":64},"9":{"loc":{"start":{"line"
[...]
:{"loc":{"start":{"line":35,"column":12},"end":{"line":35,"column":75}},"type":"binary-expr","locations":[{"start":{"line":35,"column":12},"end":{"line":35,"column":22}},{"start":{"line":35,"column":26},"end":{"line":35,"column":47}},{"start":{"line":35,"column":51},"end":{"line":35,"column":75}}],"line":35},"2":{"loc":{"start":{"line":37,"column":12},"end":{"line":40,"column":13}},"type":"if","locations":[{"start":{"line":37,"column":12},"end":{"line":40,"column":13}},{"start":{},"end":{}}],"line":37},"3":{"loc":{"start":{"line":47,"column":8},"end":{"line":49,"column":9}},"type":"if","locations":[{"start":{"line":47,"column":8},"end":{"line":49,"column":9}},{"start":{},"end":{}}],"line":47},"4":{"loc":{"start":{"line":53,"column":12},"end":{"line":55,"column":13}},"type":"if","locations":[{"start":{"line":53,"column":12},"end":{"line":55,"column":13}},{"start":{},"end":{}}],"line":53},"5":{"loc":{"start":{"line":63,"column":8},"end":{"line":63,"column":38}},"type":"if","locations":[{"start":{"line":63,"column":8},"end":{"line":63,"column":38}},{"start":{},"end":{}}],"line":63},"6":{"loc":{"start":{"line":64,"column":47},"end":{"line":64,"column":151}},"type":"cond-expr","locations":[{"start":{"line":64,"column":60},"end":{"line":64,"column":139}},{"start":{"line":64,"column":142},"end":{"line":64,"column":151}}],"line":64},"7":{"loc":{"start":{"line":76,"column":8},"end":{"line":80,"column":9}},"type":"if","locations":[{"start":{"line":76,"column":8},"end":{"line":80,"column":9}},{"start":{},"end":{}}],"line":76},"8":{"loc":{"start":{"line":76,"column":12},"end":{"line":76,"column":52}},"type":"binary-expr","locations":[{"start":{"line":76,"column":12},"end":{"line":76,"column":28}},{"start":{"line":76,"column":32},"end":{"line":76,"column":52}}],"line":76},"9":{"loc":{"start":{"line":98,"column":4},"end":{"line":100,"column":5}},"type":"if","locations":[{"start":{"line":98,"column":4},"end":{"line":100,"column":5}},{"start":{},"end":{}}],"line":98},"10":{"loc":{"start":{"line":98,"column":8},"end":{"line":98,"column":35}},"type":"binary-expr","locations":[{"start":{"line":98,"column":8},"end":{"line":98,"column":21}},{"start":{"line":98,"column":25},"end":{"line":98,"column":35}}],"line":98},"11":{"loc":{"start":{"line":105,"column":30},"end":{"line":105,"column":133}},"type":"binary-expr","locations":[{"start":{"line":105,"column":30},"end":{"line":105,"column":42}},{"start":{"line":105,"column":46},"end":{"line":105,"column":133}}],"line":105},"12":{"loc":{"start":{"line":111,"column":30},"end":{"line":111,"column":112}},"type":"binary-expr","locations":[{"start":{"line":111,"column":30},"end":{"line":111,"column":42}},{"start":{"line":111,"column":46},"end":{"line":111,"column":112}}],"line":111},"13":{"loc":{"start":{"line":126,"column":17},"end":{"line":132,"column":17}},"type":"binary-expr","locations":[{"start":{"line":126,"column":17},"end":{"line":126,"column":26}},{"start":{"line":127,"column":20},"end":{"line":131,"column":26}}],"line":126}},"s":{"0":0,"1":0,"2":0,"3":0,"4":0,"5":0,"6":0,"7":0,"8":0,"9":0,"10":0,"11":0,"12":0,"13":0,"14":0,"15":0,"16":0,"17":0,"18":0,"19":0,"20":0,"21":0,"22":0,"23":0,"24":0,"25":0,"26":0,"27":0,"28":0,"29":0,"30":0,"31":0,"32":0,"33":0,"34":0,"35":0,"36":0,"37":0,"38":0,"39":0,"40":0,"41":0,"42":0,"43":0,"44":0,"45":0,"46":0,"47":0,"48":0,"49":0,"50":0,"51":0,"52":0,"53":0,"54":0,"55":0,"56":0,"57":0},"f":{"0":0,"1":0,"2":0,"3":0,"4":0,"5":0,"6":0,"7":0,"8":0,"9":0,"10":0,"11":0,"12":0,"13":0},"b":{"0":[0,0],"1":[0,0,0],"2":[0,0],"3":[0,0],"4":[0,0],"5":[0,0],"6":[0,0],"7":[0,0],"8":[0,0],"9":[0,0],"10":[0,0],"11":[0,0],"12":[0,0],"13":[0,0]}}
,"E:\\Difa\\2025\\Belajar\\simple-quicks2\\src\\pages\\ChatList.tsx": {"path":"E:\\Difa\\2025\\Belajar\\simple-quicks2\\src\\pages\\ChatList.tsx","statementMap":{"0":{"start":{"line":7,"column":27},"end":{"line":58,"column":1}},"1":{"start":{"line":8,"column":41},"end":{"line":8,"column":50}},"2":{"start":{"line":9,"column":40},"end":{"line":9,"column":52}},"3":{"start":{"line":11,"column":34},"end":{"line":15,"column":6}},"4":{"start":{"line":12,"column":29},"end":{"line":12,"column":72}},"5":{"start":{"line":13,"column":8},"end":{"line":14,"column":80}},"6":{"start":{"line":17,"column":23},"end":{"line":24,"column":5}},"7":{"start":{"line":18,"column":21},"end":{"line":18,"column":41}},"8":{"start":{"line":19,"column":20},"end":{"line":19,"column":59}},"9":{"start":{"line":20,"column":22},"end":{"line":20,"column":66}},"10":{"start":{"line":21,"column":21},"end":{"line":21,"column":39}},"11":{"start":{"line":23,"column":8},"end":{"line":23,"column":127}},"12":{"start":{"line":26,"column":4},"end":{"line":57,"column":6}},"13":{"start":{"line":45,"column":36},"end":{"line":49,"column":38}}},"fnMap":{"0":{"name":"(anonymous_0)","decl":{"start":{"line":7,"column":27},"end":{"line":7,"column":28}},"loc":{"start":{"line":7,"column":33},"end":{"line":58,"column":1}},"line":7},"1":{"name":"(anonymous_1)","decl":{"start":{"line":11,"column":55},"end":{"line":11,"column":56}},"loc":{"start":{"line":11,"column":60},"end":{"line":15,"column":5}},"line":11},"2":{"name":"(anonymous_2)","decl":{"start":{"line":17,"column":23},"end":{"line":17,"column":24}},"loc":{"start":{"line":17,"column":47},"end":{"line":24,"column":5}},"line":17},"3":{"name":"(anonymous_3)","decl":{"start":{"line":44,"column":59},"end":{"line":44,"column":60}},"loc":{"start":{"line":45,"column":36},"end":{"line":49,"column":38}},"line":45}},"branchMap":{"0":{"loc":{"start":{"line":12,"column":29},"end":{"line":12,"column":72}},"type":"cond-expr","locations":[{"start":{"line":12,"column":50},"end":{"line":12,"column":57}},{"start":{"line":12,"column":60},"end":{"line":12,"column":72}}],"line":12},"1":{"loc":{"start":{"line":13,"column":15},"end":{"line":14,"column":79}},"type":"binary-expr","locations":[{"start":{"line":13,"column":15},"end":{"line":13,"column":84}},{"start":{"line":14,"column":12},"end":{"line":14,"column":79}}],"line":13},"2":{"loc":{"start":{"line":13,"column":16},"end":{"line":13,"column":34}},"type":"binary-expr","locations":[{"start":{"line":13,"column":16},"end":{"line":13,"column":28}},{"start":{"line":13,"column":32},"end":{"line":13,"column":34}}],"line":13},"3":{"loc":{"start":{"line":34,"column":17},"end":{"line":54,"column":17}},"type":"cond-expr","locations":[{"start":{"line":35,"column":20},"end":{"line":35,"column":54}},{"start":{"line":37,"column":20},"end":{"line":53,"column":23}}],"line":34},"4":{"loc":{"start":{"line":38,"column":25},"end":{"line":52,"column":25}},"type":"cond-expr","locations":[{"start":{"line":39,"column":28},"end":{"line":41,"column":34}},{"start":{"line":43,"column":28},"end":{"line":51,"column":33}}],"line":38}},"s":{"0":0,"1":0,"2":0,"3":0,"4":0,"5":0,"6":0,"7":0,"8":0,"9":0,"10":0,"11":0,"12":0,"13":0},"f":{"0":0,"1":0,"2":0,"3":0},"b":{"0":[0,0],"1":[0,0],"2":[0,0],"3":[0,0],"4":[0,0]}}
,"E:\\Difa\\2025\\Belajar\\simple-quicks2\\src\\pages\\TaskPage.tsx": {"path":"E:\\Difa\\2025\\Belajar\\simple-quicks2\\src\\pages\\TaskPage.tsx","statementMap":{"0":{"start":{"line":8,"column":27},"end":{"line":69,"column":1}},"1":{"start":{"line":19,"column":8},"end":{"line":19,"column":18}},"2":{"start":{"line":21,"column":32},"end":{"line":21,"column":78}},"3":{"start":{"line":22,"column":44},"end":{"line":22,"column":59}},"4":{"start":{"line":24,"column":26},"end":{"line":24,"column":96}},"5":{"start":{"line":24,"column":44},"end":{"line":24,"column":95}},"6":{"start":{"line":26,"column":32},"end":{"line":28,"column":5}},"7":{"start":{"line":27,"column":8},"end":{"line":27,"column":31}},"8":{"start":{"line":30,"column":26},"end":{"line":42,"column":5}},"9":{"start":{"line":32,"column":30},"end":{"line":40,"column":9}},"10":{"start":{"line":41,"column":8},"end":{"line":41,"column":28}},"11":{"start":{"line":44,"column":4},"end":{"line":68,"column":6}}},"fnMap":{"0":{"name":"(anonymous_0)","decl":{"start":{"line":8,"column":27},"end":{"line":8,"column":28}},"loc":{"start":{"line":8,"column":33},"end":{"line":69,"column":1}},"line":8},"1":{"name":"(anonymous_1)","decl":{"start":{"line":24,"column":39},"end":{"line":24,"column":40}},"loc":{"start":{"line":24,"column":44},"end":{"line":24,"column":95}},"line":24},"2":{"name":"(anonymous_2)","decl":{"start":{"line":26,"column":32},"end":{"line":26,"column":33}},"loc":{"start":{"line":26,"column":38},"end":{"line":28,"column":5}},"line":26},"3":{"name":"(anonymous_3)","decl":{"start":{"line":30,"column":26},"end":{"line":30,"column":27}},"loc":{"start":{"line":30,"column":32},"end":{"line":42,"column":5}},"line":30}},"branchMap":{"0":{"loc":{"start":{"line":24,"column":44},"end":{"line":24,"column":95}},"type":"cond-expr","locations":[{"start":{"line":24,"column":67},"end":{"line":24,"column":71}},{"start":{"line":24,"column":74},"end":{"line":24,"column":95}}],"line":24},"1":{"loc":{"start":{"line":38,"column":23},"end":{"line":38,"column":64}},"type":"cond-expr","locations":[{"start":{"line":38,"column":46},"end":{"line":38,"column":55}},{"start":{"line":38,"column":58},"end":{"line":38,"column":64}}],"line":38}},"s":{"0":0,"1":0,"2":0,"3":0,"4":0,"5":0,"6":0,"7":0,"8":0,"9":0,"10":0,"11":0},"f":{"0":0,"1":0,"2":0,"3":0},"b":{"0":[0,0],"1":[0,0]}}
,"E:\\Difa\\2025\\Belajar\\simple-quicks2\\src\\providers\\CleanArchitectureProvider.tsx": {"path":"E:\\Difa\\2025\\Belajar\\simple-quicks2\\src\\providers\\CleanArchitectureProvider.tsx","statementMap":{"0":{"start":{"line":13,"column":33},"end":{"line":13,"column":99}},"1":{"start":{"line":20,"column":34},"end":{"line":20,"column":113}},"2":{"start":{"line":22,"column":20},"end":{"line":30,"column":3}},"3":{"start":{"line":23,"column":15},"end":{"line":23,"column":36}},"4":{"start":{"line":24,"column":4},"end":{"line":24,"column":67}},"5":{"start":{"line":24,"column":24},"end":{"line":24,"column":65}},"6":{"start":{"line":27,"column":4},"end":{"line":29,"column":13}},"7":{"start":{"line":28,"column":6},"end":{"line":28,"column":57}},"8":{"start":{"line":28,"column":26},"end":{"line":28,"column":55}},"9":{"start":{"line":28,"column":43},"end":{"line":28,"column":54}},"10":{"start":{"line":32,"column":22},"end":{"line":40,"column":3}},"11":{"start":{"line":33,"column":15},"end":{"line":33,"column":36}},"12":{"start":{"line":34,"column":4},"end":{"line":34,"column":69}},"13":{"start":{"line":34,"column":24},"end":{"line":34,"column":67}},"14":{"start":{"line":37,"column":4},"end":{"line":39,"column":13}},"15":{"start":{"line":38,"column":6},"end":{"line":38,"column":57}},"16":{"start":{"line":38,"column":26},"end":{"line":38,"column":55}},"17":{"start":{"line":38,"column":43},"end":{"line":38,"column":54}},"18":{"start":{"line":42,"column":24},"end":{"line":44,"column":3}},"19":{"start":{"line":43,"column":4},"end":{"line":43,"column":20}},"20":{"start":{"line":46,"column":53},"end":{"line":50,"column":3}},"21":{"start":{"line":52,"column":2},"end":{"line":69,"column":4}},"22":{"start":{"line":58,"column":10},"end":{"line":65,"column":16}},"23":{"start":{"line":73,"column":18},"end":{"line":73,"column":54}},"24":{"start":{"line":74,"column":2},"end":{"line":76,"column":3}},"25":{"start":{"line":75,"column":4},"end":{"line":75,"column":92}},"26":{"start":{"line":77,"column":2},"end":{"line":77,"column":17}}},"fnMap":{"0":{"name":"CleanArchitectureProvider","decl":{"start":{"line":19,"column":16},"end":{"line":19,"column":41}},"loc":{"start":{"line":19,"column":88},"end":{"line":70,"column":1}},"line":19},"1":{"name":"(anonymous_1)","decl":{"start":{"line":22,"column":20},"end":{"line":22,"column":21}},"loc":{"start":{"line":22,"column":41},"end":{"line":30,"column":3}},"line":22},"2":{"name":"(anonymous_2)","decl":{"start":{"line":24,"column":16},"end":{"line":24,"column":17}},"loc":{"start":{"line":24,"column":24},"end":{"line":24,"column":65}},"line":24},"3":{"name":"(anonymous_3)","decl":{"start":{"line":27,"column":15},"end":{"line":27,"column":16}},"loc":{"start":{"line":27,"column":21},"end":{"line":29,"column":5}},"line":27},"4":{"name":"(anonymous_4)","decl":{"start":{"line":28,"column":18},"end":{"line":28,"column":19}},"loc":{"start":{"line":28,"column":26},"end":{"line":28,"column":55}},"line":28},"5":{"name":"(anonymous_5)","decl":{"start":{"line":28,"column":38},"end":{"line":28,"column":39}},"loc":{"start":{"line":28,"column":43},"end":{"line":28,"column":54}},"line":28},"6":{"name":"(anonymous_6)","decl":{"start":{"line":32,"column":22},"end":{"line":32,"column":23}},"loc":{"start":{"line":32,"column":43},"end":{"line":40,"column":3}},"line":32},"7":{"name":"(anonymous_7)","decl":{"start":{"line":34,"column":16},"end":{"line":34,"column":17}},"loc":{"start":{"line":34,"column":24},"end":{"line":34,"column":67}},"line":34},"8":{"name":"(anonymous_8)","decl":{"start":{"line":37,"column":15},"end":{"line":37,"column":16}},"loc":{"start":{"line":37,"column":21},"end":{"line":39,"column":5}},"line":37},"9":{"name":"(anonymous_9)","decl":{"start":{"line":38,"column":18},"end":{"line":38,"column":19}},"loc":{"start":{"line":38,"column":26},"end":{"line":38,"column":55}},"line":38},"10":{"name":"(anonymous_10)","decl":{"start":{"line":38,"column":38},"end":{"line":38,"column":39}},"loc":{"start":{"line":38,"column":43},"end":{"line":38,"column":54}},"line":38},"11":{"name":"(anonymous_11)","decl":{"start":{"line":42,"column":24},"end":{"line":42,"column":25}},"loc":{"start":{"line":42,"column":30},"end":{"line":44,"column":3}},"line":42},"12":{"name":"(anonymous_12)","decl":{"start":{"line":57,"column":22},"end":{"line":57,"column":23}},"loc":{"start":{"line":58,"column":10},"end":{"line":65,"column":16}},"line":58},"13":{"name":"useCleanArchitecture","decl":{"start":{"line":72,"column":16},"end":{"line":72,"column":36}},"loc":{"start":{"line":72,"column":39},"end":{"line":78,"column":1}},"line":72}},"branchMap":{"0":{"loc":{"start":{"line":61,"column":14},"end":{"line":61,"column":62}},"type":"cond-expr","locations":[{"start":{"line":61,"column":33},"end":{"line":61,"column":45}},{"start":{"line":61,"column":48},"end":{"line":61,"column":62}}],"line":61},"1":{"loc":{"start":{"line":74,"column":2},"end":{"line":76,"column":3}},"type":"if","locations":[{"start":{"line":74,"column":2},"end":{"line":76,"column":3}},{"start":{},"end":{}}],"line":74}},"s":{"0":0,"1":0,"2":0,"3":0,"4":0,"5":0,"6":0,"7":0,"8":0,"9":0,"10":0,"11":0,"12":0,"13":0,"14":0,"15":0,"16":0,"17":0,"18":0,"19":0,"20":0,"21":0,"22":0,"23":0,"24":0,"25":0,"26":0},"f":{"0":0,"1":0,"2":0,"3":0,"4":0,"5":0,"6":0,"7":0,"8":0,"9":0,"10":0,"11":0,"12":0,"13":0},"b":{"0":[0,0],"1":[0,0]}}
,"E:\\Difa\\2025\\Belajar\\simple-quicks2\\src\\types\\index.ts": {"path":"E:\\Difa\\2025\\Belajar\\simple-quicks2\\src\\types\\index.ts","statementMap":{},"fnMap":{},"branchMap":{},"s":{},"f":{},"b":{}}
,"E:\\Difa\\2025\\Belajar\\simple-quicks2\\src\\utils\\taskUtils.ts": {"path":"E:\\Difa\\2025\\Belajar\\simple-quicks2\\src\\utils\\taskUtils.ts","statementMap":{"0":{"start":{"line":1,"column":27},"end":{"line":14,"column":1}},"1":{"start":{"line":2,"column":19},"end":{"line":2,"column":39}},"2":{"start":{"line":3,"column":18},"end":{"line":3,"column":28}},"3":{"start":{"line":4,"column":4},"end":{"line":4,"column":31}},"4":{"start":{"line":5,"column":4},"end":{"line":5,"column":32}},"5":{"start":{"line":7,"column":21},"end":{"line":7,"column":55}},"6":{"start":{"line":8,"column":21},"end":{"line":8,"column":64}},"7":{"start":{"line":10,"column":4},"end":{"line":10,"column":39}},"8":{"start":{"line":10,"column":22},"end":{"line":10,"column":39}},"9":{"start":{"line":11,"column":4},"end":{"line":11,"column":39}},"10":{"start":{"line":11,"column":24},"end":{"line":11,"column":39}},"11":{"start":{"line":12,"column":4},"end":{"line":12,"column":42}},"12":{"start":{"line":12,"column":24},"end":{"line":12,"column":42}},"13":{"start":{"line":13,"column":4},"end":{"line":13,"column":35}},"14":{"start":{"line":16,"column":28},"end":{"line":28,"column":1}},"15":{"start":{"line":17,"column":19},"end":{"line":17,"column":39}},"16":{"start":{"line":18,"column":18},"end":{"line":18,"column":28}},"17":{"start":{"line":19,"column":4},"end":{"line":19,"column":31}},"18":{"start":{"line":20,"column":4},"end":{"line":20,"column":32}},"19":{"start":{"line":22,"column":21},"end":{"line":22,"column":55}},"20":{"start":{"line":23,"column":21},"end":{"line":23,"column":64}},"21":{"start":{"line":25,"column":4},"end":{"line":25,"column":39}},"22":{"start":{"line":25,"column":22},"end":{"line":25,"column":39}},"23":{"start":{"line":26,"column":4},"end":{"line":26,"column":37}},"24":{"start":{"line":26,"column":23},"end":{"line":26,"column":37}},"25":{"start":{"line":27,"column":4},"end":{"line":27,"column":20}},"26":{"start":{"line":30,"column":31},"end":{"line":33,"column":1}},"27":{"start":{"line":31,"column":17},"end":{"line":31,"column":37}},"28":{"start":{"line":32,"column":4},"end":{"line":32,"column":80}},"29":{"start":{"line":34,"column":31},"end":{"line":41,"column":1}},"30":{"start":{"line":35,"column":17},"end":{"line":35,"column":37}},"31":{"start":{"line":36,"column":16},"end":{"line":36,"column":55}},"32":{"start":{"line":37,"column":18},"end":{"line":37,"column":62}},"33":{"start":{"line":38,"column":17},"end":{"line":38,"column":35}},"34":{"start":{"line":40,"column":4},"end":{"line":40,"column":38}},"35":{"start":{"line":45,"column":27},"end":{"line":45,"column":80}},"36":{"start":{"line":45,"column":44},"end":{"line":45,"column":80}}},"fnMap":{"0":{"name":"(anonymous_0)","decl":{"start":{"line":1,"column":27},"end":{"line":1,"column":28}},"loc":{"start":{"line":1,"column":51},"end":{"line":14,"column":1}},"line":1},"1":{"name":"(anonymous_1)","decl":{"start":{"line":16,"column":28},"end":{"line":16,"column":29}},"loc":{"start":{"line":16,"column":83},"end":{"line":28,"column":1}},"line":16},"2":{"name":"(anonymous_2)","decl":{"start":{"line":30,"column":31},"end":{"line":30,"column":32}},"loc":{"start":{"line":30,"column":55},"end":{"line":33,"column":1}},"line":30},"3":{"name":"(anonymous_3)","decl":{"start":{"line":34,"column":31},"end":{"line":34,"column":32}},"loc":{"start":{"line":34,"column":55},"end":{"line":41,"column":1}},"line":34},"4":{"name":"(anonymous_4)","decl":{"start":{"line":45,"column":27},"end":{"line":45,"column":28}},"loc":{"start":{"line":45,"column":44},"end":{"line":45,"column":80}},"line":45}},"branchMap":{"0":{"loc":{"start":{"line":10,"column":4},"end":{"line":10,"column":39}},"type":"if","locations":[{"start":{"line":10,"column":4},"end":{"line":10,"column":39}},{"start":{},"end":{}}],"line":10},"1":{"loc":{"start":{"line":11,"column":4},"end":{"line":11,"column":39}},"type":"if","locations":[{"start":{"line":11,"column":4},"end":{"line":11,"column":39}},{"start":{},"end":{}}],"line":11},"2":{"loc":{"start":{"line":12,"column":4},"end":{"line":12,"column":42}},"type":"if","locations":[{"start":{"line":12,"column":4},"end":{"line":12,"column":42}},{"start":{},"end":{}}],"line":12},"3":{"loc":{"start":{"line":25,"column":4},"end":{"line":25,"column":39}},"type":"if","locations":[{"start":{"line":25,"column":4},"end":{"line":25,"column":39}},{"start":{},"end":{}}],"line":25},"4":{"loc":{"start":{"line":26,"column":4},"end":{"line":26,"column":37}},"type":"if","locations":[{"start":{"line":26,"column":4},"end":{"line":26,"column":37}},{"start":{},"end":{}}],"line":26},"5":{"loc":{"start":{"line":45,"column":44},"end":{"line":45,"column":80}},"type":"binary-expr","locations":[{"start":{"line":45,"column":44},"end":{"line":45,"column":59}},{"start":{"line":45,"column":63},"end":{"line":45,"column":80}}],"line":45}},"s":{"0":0,"1":0,"2":0,"3":0,"4":0,"5":0,"6":0,"7":0,"8":0,"9":0,"10":0,"11":0,"12":0,"13":0,"14":0,"15":0,"16":0,"17":0,"18":0,"19":0,"20":0,"21":0,"22":0,"23":0,"24":0,"25":0,"26":0,"27":0,"28":0,"29":0,"30":0,"31":0,"32":0,"33":0,"34":0,"35":0,"36":0},"f":{"0":0,"1":0,"2":0,"3":0,"4":0},"b":{"0":[0,0],"1":[0,0],"2":[0,0],"3":[0,0],"4":[0,0],"5":[0,0]}}
}
